2025-05-08 13:17:57 | INFO     | 📡 Starting GIOŚ fetcher – stations=[400, 401]
2025-05-08 13:17:58 | INFO     | Persisted 119 records → data\gios_20250508T111758Z.json
2025-05-08 18:03:51 | INFO     | 📡 Starting GIOŚ fetcher – stations=[400, 401]
2025-05-08 18:03:53 | INFO     | Sent to Kafka: {'source': 'GIOS', 'station_id': 400, 'param': 'PM10', 'value': 17.7, 'unit': 'µg/m³', 'timestamp': '2025-05-08 17:00:00', 'fetched_at': '2025-05-08T16:03:52.070381+00:00'}
2025-05-08 18:03:53 | INFO     | Sent to Kafka: {'source': 'GIOS', 'station_id': 400, 'param': 'PM10', 'value': 14.9, 'unit': 'µg/m³', 'timestamp': '2025-05-08 16:00:00', 'fetched_at': '2025-05-08T16:03:52.070408+00:00'}
2025-05-08 18:03:53 | INFO     | Sent to Kafka: {'source': 'GIOS', 'station_id': 400, 'param': 'PM10', 'value': 14.9, 'unit': 'µg/m³', 'timestamp': '2025-05-08 15:00:00', 'fetched_at': '2025-05-08T16:03:52.070413+00:00'}
2025-05-08 18:03:53 | INFO     | Sent to Kafka: {'source': 'GIOS', 'station_id': 400, 'param': 'PM10', 'value': 15.6, 'unit': 'µg/m³', 'timestamp': '2025-05-08 14:00:00', 'fetched_at': '2025-05-08T16:03:52.070417+00:00'}
2025-05-08 18:03:53 | INFO     | Sent to Kafka: {'source': 'GIOS', 'station_id': 400, 'param': 'PM10', 'value': 16.7, 'unit': 'µg/m³', 'timestamp': '2025-05-08 13:00:00', 'fetched_at': '2025-05-08T16:03:52.070420+00:00'}
2025-05-08 18:03:53 | INFO     | Sent to Kafka: {'source': 'GIOS', 'station_id': 400, 'param': 'PM10', 'value': 17.2, 'unit': 'µg/m³', 'timestamp': '2025-05-08 12:00:00', 'fetched_at': '2025-05-08T16:03:52.070423+00:00'}
2025-05-08 18:03:53 | INFO     | Sent to Kafka: {'source': 'GIOS', 'station_id': 400, 'param': 'PM10', 'value': 20.9, 'unit': 'µg/m³', 'timestamp': '2025-05-08 11:00:00', 'fetched_at': '2025-05-08T16:03:52.070426+00:00'}
2025-05-08 18:03:53 | INFO     | Sent to Kafka: {'source': 'GIOS', 'station_id': 400, 'param': 'PM10', 'value': 29.9, 'unit': 'µg/m³', 'timestamp': '2025-05-08 10:00:00', 'fetched_at': '2025-05-08T16:03:52.070429+00:00'}
2025-05-08 18:03:53 | INFO     | Sent to Kafka: {'source': 'GIOS', 'station_id': 400, 'param': 'PM10', 'value': 36.9, 'unit': 'µg/m³', 'timestamp': '2025-05-08 09:00:00', 'fetched_at': '2025-05-08T16:03:52.070432+00:00'}
2025-05-08 18:03:53 | INFO     | Sent to Kafka: {'source': 'GIOS', 'station_id': 400, 'param': 'PM10', 'value': 36.8, 'unit': 'µg/m³', 'timestamp': '2025-05-08 08:00:00', 'fetched_at': '2025-05-08T16:03:52.070434+00:00'}
2025-05-08 18:03:53 | INFO     | Sent to Kafka: {'source': 'GIOS', 'station_id': 400, 'param': 'PM10', 'value': 34.2, 'unit': 'µg/m³', 'timestamp': '2025-05-08 07:00:00', 'fetched_at': '2025-05-08T16:03:52.070437+00:00'}
2025-05-08 18:03:53 | INFO     | Sent to Kafka: {'source': 'GIOS', 'station_id': 400, 'param': 'PM10', 'value': 29.1, 'unit': 'µg/m³', 'timestamp': '2025-05-08 06:00:00', 'fetched_at': '2025-05-08T16:03:52.070440+00:00'}
2025-05-08 18:03:53 | INFO     | Sent to Kafka: {'source': 'GIOS', 'station_id': 400, 'param': 'PM10', 'value': 17.4, 'unit': 'µg/m³', 'timestamp': '2025-05-08 05:00:00', 'fetched_at': '2025-05-08T16:03:52.070443+00:00'}
2025-05-08 18:03:53 | INFO     | Sent to Kafka: {'source': 'GIOS', 'station_id': 400, 'param': 'PM10', 'value': 15.0, 'unit': 'µg/m³', 'timestamp': '2025-05-08 04:00:00', 'fetched_at': '2025-05-08T16:03:52.070446+00:00'}
2025-05-08 18:03:53 | INFO     | Sent to Kafka: {'source': 'GIOS', 'station_id': 400, 'param': 'PM10', 'value': 58.8, 'unit': 'µg/m³', 'timestamp': '2025-05-08 03:00:00', 'fetched_at': '2025-05-08T16:03:52.070455+00:00'}
2025-05-08 18:03:53 | INFO     | Sent to Kafka: {'source': 'GIOS', 'station_id': 400, 'param': 'PM10', 'value': 17.4, 'unit': 'µg/m³', 'timestamp': '2025-05-08 02:00:00', 'fetched_at': '2025-05-08T16:03:52.070458+00:00'}
2025-05-08 18:03:53 | INFO     | Sent to Kafka: {'source': 'GIOS', 'station_id': 400, 'param': 'PM10', 'value': 27.0, 'unit': 'µg/m³', 'timestamp': '2025-05-08 01:00:00', 'fetched_at': '2025-05-08T16:03:52.070461+00:00'}
2025-05-08 18:03:53 | INFO     | Sent to Kafka: {'source': 'GIOS', 'station_id': 400, 'param': 'PM10', 'value': 22.0, 'unit': 'µg/m³', 'timestamp': '2025-05-08 00:00:00', 'fetched_at': '2025-05-08T16:03:52.070464+00:00'}
2025-05-08 18:03:53 | INFO     | Sent to Kafka: {'source': 'GIOS', 'station_id': 400, 'param': 'PM10', 'value': 14.3, 'unit': 'µg/m³', 'timestamp': '2025-05-07 23:00:00', 'fetched_at': '2025-05-08T16:03:52.070467+00:00'}
2025-05-08 18:03:53 | INFO     | Sent to Kafka: {'source': 'GIOS', 'station_id': 400, 'param': 'PM10', 'value': 17.1, 'unit': 'µg/m³', 'timestamp': '2025-05-07 22:00:00', 'fetched_at': '2025-05-08T16:03:52.070473+00:00'}
2025-05-08 18:03:53 | INFO     | Sent to Kafka: {'source': 'GIOS', 'station_id': 400, 'param': 'PM10', 'value': 16.9, 'unit': 'µg/m³', 'timestamp': '2025-05-07 21:00:00', 'fetched_at': '2025-05-08T16:03:52.070476+00:00'}
2025-05-08 18:03:53 | INFO     | Sent to Kafka: {'source': 'GIOS', 'station_id': 400, 'param': 'PM10', 'value': 14.8, 'unit': 'µg/m³', 'timestamp': '2025-05-07 20:00:00', 'fetched_at': '2025-05-08T16:03:52.070479+00:00'}
2025-05-08 18:03:53 | INFO     | Sent to Kafka: {'source': 'GIOS', 'station_id': 400, 'param': 'PM10', 'value': 16.4, 'unit': 'µg/m³', 'timestamp': '2025-05-07 19:00:00', 'fetched_at': '2025-05-08T16:03:52.070482+00:00'}
2025-05-08 18:03:53 | INFO     | Sent to Kafka: {'source': 'GIOS', 'station_id': 400, 'param': 'PM10', 'value': 19.1, 'unit': 'µg/m³', 'timestamp': '2025-05-07 18:00:00', 'fetched_at': '2025-05-08T16:03:52.070485+00:00'}
2025-05-08 18:03:53 | INFO     | Sent to Kafka: {'source': 'GIOS', 'station_id': 400, 'param': 'PM10', 'value': 20.9, 'unit': 'µg/m³', 'timestamp': '2025-05-07 17:00:00', 'fetched_at': '2025-05-08T16:03:52.070488+00:00'}
2025-05-08 18:03:53 | INFO     | Sent to Kafka: {'source': 'GIOS', 'station_id': 400, 'param': 'PM10', 'value': 20.6, 'unit': 'µg/m³', 'timestamp': '2025-05-07 16:00:00', 'fetched_at': '2025-05-08T16:03:52.070491+00:00'}
2025-05-08 18:03:53 | INFO     | Sent to Kafka: {'source': 'GIOS', 'station_id': 400, 'param': 'PM10', 'value': 19.1, 'unit': 'µg/m³', 'timestamp': '2025-05-07 15:00:00', 'fetched_at': '2025-05-08T16:03:52.070494+00:00'}
2025-05-08 18:03:53 | INFO     | Sent to Kafka: {'source': 'GIOS', 'station_id': 400, 'param': 'PM10', 'value': 15.8, 'unit': 'µg/m³', 'timestamp': '2025-05-07 14:00:00', 'fetched_at': '2025-05-08T16:03:52.070497+00:00'}
2025-05-08 18:03:53 | INFO     | Sent to Kafka: {'source': 'GIOS', 'station_id': 400, 'param': 'PM10', 'value': 16.6, 'unit': 'µg/m³', 'timestamp': '2025-05-07 13:00:00', 'fetched_at': '2025-05-08T16:03:52.070499+00:00'}
2025-05-08 18:03:53 | INFO     | Sent to Kafka: {'source': 'GIOS', 'station_id': 400, 'param': 'PM10', 'value': 16.6, 'unit': 'µg/m³', 'timestamp': '2025-05-07 12:00:00', 'fetched_at': '2025-05-08T16:03:52.070502+00:00'}
2025-05-08 18:03:53 | INFO     | Sent to Kafka: {'source': 'GIOS', 'station_id': 400, 'param': 'PM10', 'value': 18.4, 'unit': 'µg/m³', 'timestamp': '2025-05-07 11:00:00', 'fetched_at': '2025-05-08T16:03:52.070505+00:00'}
2025-05-08 18:03:53 | INFO     | Sent to Kafka: {'source': 'GIOS', 'station_id': 400, 'param': 'PM10', 'value': 19.5, 'unit': 'µg/m³', 'timestamp': '2025-05-07 10:00:00', 'fetched_at': '2025-05-08T16:03:52.070508+00:00'}
2025-05-08 18:03:53 | INFO     | Sent to Kafka: {'source': 'GIOS', 'station_id': 400, 'param': 'PM10', 'value': 24.7, 'unit': 'µg/m³', 'timestamp': '2025-05-07 09:00:00', 'fetched_at': '2025-05-08T16:03:52.070513+00:00'}
2025-05-08 18:03:53 | INFO     | Sent to Kafka: {'source': 'GIOS', 'station_id': 400, 'param': 'PM10', 'value': 27.6, 'unit': 'µg/m³', 'timestamp': '2025-05-07 08:00:00', 'fetched_at': '2025-05-08T16:03:52.070516+00:00'}
2025-05-08 18:03:53 | INFO     | Sent to Kafka: {'source': 'GIOS', 'station_id': 400, 'param': 'PM10', 'value': 20.8, 'unit': 'µg/m³', 'timestamp': '2025-05-07 07:00:00', 'fetched_at': '2025-05-08T16:03:52.070519+00:00'}
2025-05-08 18:03:53 | INFO     | Sent to Kafka: {'source': 'GIOS', 'station_id': 400, 'param': 'PM10', 'value': 20.6, 'unit': 'µg/m³', 'timestamp': '2025-05-07 06:00:00', 'fetched_at': '2025-05-08T16:03:52.070522+00:00'}
2025-05-08 18:03:53 | INFO     | Sent to Kafka: {'source': 'GIOS', 'station_id': 400, 'param': 'PM10', 'value': 16.5, 'unit': 'µg/m³', 'timestamp': '2025-05-07 05:00:00', 'fetched_at': '2025-05-08T16:03:52.070525+00:00'}
2025-05-08 18:03:53 | INFO     | Sent to Kafka: {'source': 'GIOS', 'station_id': 400, 'param': 'PM10', 'value': 14.2, 'unit': 'µg/m³', 'timestamp': '2025-05-07 04:00:00', 'fetched_at': '2025-05-08T16:03:52.070528+00:00'}
2025-05-08 18:03:53 | INFO     | Sent to Kafka: {'source': 'GIOS', 'station_id': 400, 'param': 'PM10', 'value': 11.5, 'unit': 'µg/m³', 'timestamp': '2025-05-07 03:00:00', 'fetched_at': '2025-05-08T16:03:52.070531+00:00'}
2025-05-08 18:03:53 | INFO     | Sent to Kafka: {'source': 'GIOS', 'station_id': 400, 'param': 'PM10', 'value': 12.8, 'unit': 'µg/m³', 'timestamp': '2025-05-07 02:00:00', 'fetched_at': '2025-05-08T16:03:52.070534+00:00'}
2025-05-08 18:03:53 | INFO     | Sent to Kafka: {'source': 'GIOS', 'station_id': 400, 'param': 'PM10', 'value': 14.7, 'unit': 'µg/m³', 'timestamp': '2025-05-07 01:00:00', 'fetched_at': '2025-05-08T16:03:52.070537+00:00'}
2025-05-08 18:03:53 | INFO     | Sent to Kafka: {'source': 'GIOS', 'station_id': 400, 'param': 'PM10', 'value': 16.3, 'unit': 'µg/m³', 'timestamp': '2025-05-07 00:00:00', 'fetched_at': '2025-05-08T16:03:52.070540+00:00'}
2025-05-08 18:03:53 | INFO     | Sent to Kafka: {'source': 'GIOS', 'station_id': 400, 'param': 'PM10', 'value': 20.9, 'unit': 'µg/m³', 'timestamp': '2025-05-06 23:00:00', 'fetched_at': '2025-05-08T16:03:52.070543+00:00'}
2025-05-08 18:03:53 | INFO     | Sent to Kafka: {'source': 'GIOS', 'station_id': 400, 'param': 'PM10', 'value': 18.9, 'unit': 'µg/m³', 'timestamp': '2025-05-06 22:00:00', 'fetched_at': '2025-05-08T16:03:52.070546+00:00'}
2025-05-08 18:03:53 | INFO     | Sent to Kafka: {'source': 'GIOS', 'station_id': 400, 'param': 'PM10', 'value': 17.7, 'unit': 'µg/m³', 'timestamp': '2025-05-06 21:00:00', 'fetched_at': '2025-05-08T16:03:52.070549+00:00'}
2025-05-08 18:03:53 | INFO     | Sent to Kafka: {'source': 'GIOS', 'station_id': 400, 'param': 'PM10', 'value': 17.8, 'unit': 'µg/m³', 'timestamp': '2025-05-06 20:00:00', 'fetched_at': '2025-05-08T16:03:52.070554+00:00'}
2025-05-08 18:03:53 | INFO     | Sent to Kafka: {'source': 'GIOS', 'station_id': 400, 'param': 'PM10', 'value': 15.1, 'unit': 'µg/m³', 'timestamp': '2025-05-06 19:00:00', 'fetched_at': '2025-05-08T16:03:52.070557+00:00'}
2025-05-08 18:03:53 | INFO     | Sent to Kafka: {'source': 'GIOS', 'station_id': 400, 'param': 'PM10', 'value': 14.8, 'unit': 'µg/m³', 'timestamp': '2025-05-06 18:00:00', 'fetched_at': '2025-05-08T16:03:52.070560+00:00'}
2025-05-08 18:03:53 | INFO     | Sent to Kafka: {'source': 'GIOS', 'station_id': 400, 'param': 'PM10', 'value': 12.8, 'unit': 'µg/m³', 'timestamp': '2025-05-06 17:00:00', 'fetched_at': '2025-05-08T16:03:52.070563+00:00'}
2025-05-08 18:03:53 | INFO     | Sent to Kafka: {'source': 'GIOS', 'station_id': 400, 'param': 'PM10', 'value': 13.9, 'unit': 'µg/m³', 'timestamp': '2025-05-06 16:00:00', 'fetched_at': '2025-05-08T16:03:52.070565+00:00'}
2025-05-08 18:03:53 | INFO     | Sent to Kafka: {'source': 'GIOS', 'station_id': 400, 'param': 'PM10', 'value': 14.3, 'unit': 'µg/m³', 'timestamp': '2025-05-06 15:00:00', 'fetched_at': '2025-05-08T16:03:52.070568+00:00'}
2025-05-08 18:03:53 | INFO     | Sent to Kafka: {'source': 'GIOS', 'station_id': 400, 'param': 'PM10', 'value': 14.7, 'unit': 'µg/m³', 'timestamp': '2025-05-06 14:00:00', 'fetched_at': '2025-05-08T16:03:52.070571+00:00'}
2025-05-08 18:03:53 | INFO     | Sent to Kafka: {'source': 'GIOS', 'station_id': 400, 'param': 'PM10', 'value': 15.0, 'unit': 'µg/m³', 'timestamp': '2025-05-06 13:00:00', 'fetched_at': '2025-05-08T16:03:52.070574+00:00'}
2025-05-08 18:03:53 | INFO     | Sent to Kafka: {'source': 'GIOS', 'station_id': 400, 'param': 'PM10', 'value': 16.1, 'unit': 'µg/m³', 'timestamp': '2025-05-06 12:00:00', 'fetched_at': '2025-05-08T16:03:52.070577+00:00'}
2025-05-08 18:03:53 | INFO     | Sent to Kafka: {'source': 'GIOS', 'station_id': 400, 'param': 'PM10', 'value': 17.4, 'unit': 'µg/m³', 'timestamp': '2025-05-06 11:00:00', 'fetched_at': '2025-05-08T16:03:52.070579+00:00'}
2025-05-08 18:03:53 | INFO     | Sent to Kafka: {'source': 'GIOS', 'station_id': 400, 'param': 'PM10', 'value': 20.0, 'unit': 'µg/m³', 'timestamp': '2025-05-06 10:00:00', 'fetched_at': '2025-05-08T16:03:52.070582+00:00'}
2025-05-08 18:03:53 | INFO     | Sent to Kafka: {'source': 'GIOS', 'station_id': 400, 'param': 'PM10', 'value': 22.1, 'unit': 'µg/m³', 'timestamp': '2025-05-06 09:00:00', 'fetched_at': '2025-05-08T16:03:52.070587+00:00'}
2025-05-08 18:03:53 | INFO     | Sent to Kafka: {'source': 'GIOS', 'station_id': 400, 'param': 'PM10', 'value': 18.1, 'unit': 'µg/m³', 'timestamp': '2025-05-06 08:00:00', 'fetched_at': '2025-05-08T16:03:52.070590+00:00'}
2025-05-08 18:03:53 | INFO     | Sent to Kafka: {'source': 'GIOS', 'station_id': 400, 'param': 'PM10', 'value': 17.6, 'unit': 'µg/m³', 'timestamp': '2025-05-06 07:00:00', 'fetched_at': '2025-05-08T16:03:52.070595+00:00'}
2025-05-08 18:03:53 | INFO     | Sent to Kafka: {'source': 'GIOS', 'station_id': 400, 'param': 'PM10', 'value': 12.6, 'unit': 'µg/m³', 'timestamp': '2025-05-06 06:00:00', 'fetched_at': '2025-05-08T16:03:52.070598+00:00'}
2025-05-08 18:03:53 | INFO     | Sent to Kafka: {'source': 'GIOS', 'station_id': 400, 'param': 'PM10', 'value': 9.9, 'unit': 'µg/m³', 'timestamp': '2025-05-06 05:00:00', 'fetched_at': '2025-05-08T16:03:52.070600+00:00'}
2025-05-08 18:03:53 | INFO     | Sent to Kafka: {'source': 'GIOS', 'station_id': 400, 'param': 'PM10', 'value': 10.9, 'unit': 'µg/m³', 'timestamp': '2025-05-06 04:00:00', 'fetched_at': '2025-05-08T16:03:52.070603+00:00'}
2025-05-08 18:03:53 | INFO     | Sent to Kafka: {'source': 'GIOS', 'station_id': 400, 'param': 'PM10', 'value': 11.6, 'unit': 'µg/m³', 'timestamp': '2025-05-06 03:00:00', 'fetched_at': '2025-05-08T16:03:52.070606+00:00'}
2025-05-08 18:03:53 | INFO     | Sent to Kafka: {'source': 'GIOS', 'station_id': 400, 'param': 'PM10', 'value': 12.4, 'unit': 'µg/m³', 'timestamp': '2025-05-06 02:00:00', 'fetched_at': '2025-05-08T16:03:52.070609+00:00'}
2025-05-08 18:03:53 | INFO     | Sent to Kafka: {'source': 'GIOS', 'station_id': 401, 'param': 'PM10', 'value': 13.6, 'unit': 'µg/m³', 'timestamp': '2025-05-08 16:00:00', 'fetched_at': '2025-05-08T16:03:52.395135+00:00'}
2025-05-08 18:03:53 | INFO     | Sent to Kafka: {'source': 'GIOS', 'station_id': 401, 'param': 'PM10', 'value': 18.5, 'unit': 'µg/m³', 'timestamp': '2025-05-08 15:00:00', 'fetched_at': '2025-05-08T16:03:52.395153+00:00'}
2025-05-08 18:03:53 | INFO     | Sent to Kafka: {'source': 'GIOS', 'station_id': 401, 'param': 'PM10', 'value': 15.7, 'unit': 'µg/m³', 'timestamp': '2025-05-08 14:00:00', 'fetched_at': '2025-05-08T16:03:52.395158+00:00'}
2025-05-08 18:03:53 | INFO     | Sent to Kafka: {'source': 'GIOS', 'station_id': 401, 'param': 'PM10', 'value': 11.8, 'unit': 'µg/m³', 'timestamp': '2025-05-08 13:00:00', 'fetched_at': '2025-05-08T16:03:52.395161+00:00'}
2025-05-08 18:03:53 | INFO     | Sent to Kafka: {'source': 'GIOS', 'station_id': 401, 'param': 'PM10', 'value': 5.7, 'unit': 'µg/m³', 'timestamp': '2025-05-08 12:00:00', 'fetched_at': '2025-05-08T16:03:52.395165+00:00'}
2025-05-08 18:03:53 | INFO     | Sent to Kafka: {'source': 'GIOS', 'station_id': 401, 'param': 'PM10', 'value': 19.5, 'unit': 'µg/m³', 'timestamp': '2025-05-08 11:00:00', 'fetched_at': '2025-05-08T16:03:52.395168+00:00'}
2025-05-08 18:03:53 | INFO     | Sent to Kafka: {'source': 'GIOS', 'station_id': 401, 'param': 'PM10', 'value': 16.8, 'unit': 'µg/m³', 'timestamp': '2025-05-08 10:00:00', 'fetched_at': '2025-05-08T16:03:52.395172+00:00'}
2025-05-08 18:03:53 | INFO     | Sent to Kafka: {'source': 'GIOS', 'station_id': 401, 'param': 'PM10', 'value': 16.8, 'unit': 'µg/m³', 'timestamp': '2025-05-08 09:00:00', 'fetched_at': '2025-05-08T16:03:52.395183+00:00'}
2025-05-08 18:03:53 | INFO     | Sent to Kafka: {'source': 'GIOS', 'station_id': 401, 'param': 'PM10', 'value': 16.5, 'unit': 'µg/m³', 'timestamp': '2025-05-08 08:00:00', 'fetched_at': '2025-05-08T16:03:52.395187+00:00'}
2025-05-08 18:03:53 | INFO     | Sent to Kafka: {'source': 'GIOS', 'station_id': 401, 'param': 'PM10', 'value': 21.8, 'unit': 'µg/m³', 'timestamp': '2025-05-08 07:00:00', 'fetched_at': '2025-05-08T16:03:52.395190+00:00'}
2025-05-08 18:03:53 | INFO     | Sent to Kafka: {'source': 'GIOS', 'station_id': 401, 'param': 'PM10', 'value': 17.4, 'unit': 'µg/m³', 'timestamp': '2025-05-08 06:00:00', 'fetched_at': '2025-05-08T16:03:52.395193+00:00'}
2025-05-08 18:03:53 | INFO     | Sent to Kafka: {'source': 'GIOS', 'station_id': 401, 'param': 'PM10', 'value': 8.8, 'unit': 'µg/m³', 'timestamp': '2025-05-08 05:00:00', 'fetched_at': '2025-05-08T16:03:52.395196+00:00'}
2025-05-08 18:03:53 | INFO     | Sent to Kafka: {'source': 'GIOS', 'station_id': 401, 'param': 'PM10', 'value': 13.1, 'unit': 'µg/m³', 'timestamp': '2025-05-08 04:00:00', 'fetched_at': '2025-05-08T16:03:52.395200+00:00'}
2025-05-08 18:03:53 | INFO     | Sent to Kafka: {'source': 'GIOS', 'station_id': 401, 'param': 'PM10', 'value': 14.7, 'unit': 'µg/m³', 'timestamp': '2025-05-08 03:00:00', 'fetched_at': '2025-05-08T16:03:52.395203+00:00'}
2025-05-08 18:03:53 | INFO     | Sent to Kafka: {'source': 'GIOS', 'station_id': 401, 'param': 'PM10', 'value': 15.2, 'unit': 'µg/m³', 'timestamp': '2025-05-08 02:00:00', 'fetched_at': '2025-05-08T16:03:52.395206+00:00'}
2025-05-08 18:03:53 | INFO     | Sent to Kafka: {'source': 'GIOS', 'station_id': 401, 'param': 'PM10', 'value': 16.9, 'unit': 'µg/m³', 'timestamp': '2025-05-08 01:00:00', 'fetched_at': '2025-05-08T16:03:52.395209+00:00'}
2025-05-08 18:03:53 | INFO     | Sent to Kafka: {'source': 'GIOS', 'station_id': 401, 'param': 'PM10', 'value': 21.6, 'unit': 'µg/m³', 'timestamp': '2025-05-08 00:00:00', 'fetched_at': '2025-05-08T16:03:52.395212+00:00'}
2025-05-08 18:03:53 | INFO     | Sent to Kafka: {'source': 'GIOS', 'station_id': 401, 'param': 'PM10', 'value': 19.2, 'unit': 'µg/m³', 'timestamp': '2025-05-07 23:00:00', 'fetched_at': '2025-05-08T16:03:52.395215+00:00'}
2025-05-08 18:03:53 | INFO     | Sent to Kafka: {'source': 'GIOS', 'station_id': 401, 'param': 'PM10', 'value': 19.7, 'unit': 'µg/m³', 'timestamp': '2025-05-07 22:00:00', 'fetched_at': '2025-05-08T16:03:52.395219+00:00'}
2025-05-08 18:03:53 | INFO     | Sent to Kafka: {'source': 'GIOS', 'station_id': 401, 'param': 'PM10', 'value': 17.1, 'unit': 'µg/m³', 'timestamp': '2025-05-07 21:00:00', 'fetched_at': '2025-05-08T16:03:52.395222+00:00'}
2025-05-08 18:03:53 | INFO     | Sent to Kafka: {'source': 'GIOS', 'station_id': 401, 'param': 'PM10', 'value': 17.1, 'unit': 'µg/m³', 'timestamp': '2025-05-07 20:00:00', 'fetched_at': '2025-05-08T16:03:52.395228+00:00'}
2025-05-08 18:03:53 | INFO     | Sent to Kafka: {'source': 'GIOS', 'station_id': 401, 'param': 'PM10', 'value': 18.8, 'unit': 'µg/m³', 'timestamp': '2025-05-07 19:00:00', 'fetched_at': '2025-05-08T16:03:52.395232+00:00'}
2025-05-08 18:03:53 | INFO     | Sent to Kafka: {'source': 'GIOS', 'station_id': 401, 'param': 'PM10', 'value': 27.0, 'unit': 'µg/m³', 'timestamp': '2025-05-07 18:00:00', 'fetched_at': '2025-05-08T16:03:52.395235+00:00'}
2025-05-08 18:03:53 | INFO     | Sent to Kafka: {'source': 'GIOS', 'station_id': 401, 'param': 'PM10', 'value': 31.0, 'unit': 'µg/m³', 'timestamp': '2025-05-07 17:00:00', 'fetched_at': '2025-05-08T16:03:52.395238+00:00'}
2025-05-08 18:03:53 | INFO     | Sent to Kafka: {'source': 'GIOS', 'station_id': 401, 'param': 'PM10', 'value': 24.9, 'unit': 'µg/m³', 'timestamp': '2025-05-07 16:00:00', 'fetched_at': '2025-05-08T16:03:52.395241+00:00'}
2025-05-08 18:03:53 | INFO     | Sent to Kafka: {'source': 'GIOS', 'station_id': 401, 'param': 'PM10', 'value': 18.8, 'unit': 'µg/m³', 'timestamp': '2025-05-07 15:00:00', 'fetched_at': '2025-05-08T16:03:52.395245+00:00'}
2025-05-08 18:03:53 | INFO     | Sent to Kafka: {'source': 'GIOS', 'station_id': 401, 'param': 'PM10', 'value': 18.1, 'unit': 'µg/m³', 'timestamp': '2025-05-07 14:00:00', 'fetched_at': '2025-05-08T16:03:52.395248+00:00'}
2025-05-08 18:03:53 | INFO     | Sent to Kafka: {'source': 'GIOS', 'station_id': 401, 'param': 'PM10', 'value': 16.5, 'unit': 'µg/m³', 'timestamp': '2025-05-07 13:00:00', 'fetched_at': '2025-05-08T16:03:52.395251+00:00'}
2025-05-08 18:03:53 | INFO     | Sent to Kafka: {'source': 'GIOS', 'station_id': 401, 'param': 'PM10', 'value': 15.3, 'unit': 'µg/m³', 'timestamp': '2025-05-07 12:00:00', 'fetched_at': '2025-05-08T16:03:52.395254+00:00'}
2025-05-08 18:03:53 | INFO     | Sent to Kafka: {'source': 'GIOS', 'station_id': 401, 'param': 'PM10', 'value': 16.1, 'unit': 'µg/m³', 'timestamp': '2025-05-07 11:00:00', 'fetched_at': '2025-05-08T16:03:52.395257+00:00'}
2025-05-08 18:03:53 | INFO     | Sent to Kafka: {'source': 'GIOS', 'station_id': 401, 'param': 'PM10', 'value': 24.9, 'unit': 'µg/m³', 'timestamp': '2025-05-07 10:00:00', 'fetched_at': '2025-05-08T16:03:52.395260+00:00'}
2025-05-08 18:03:53 | INFO     | Sent to Kafka: {'source': 'GIOS', 'station_id': 401, 'param': 'PM10', 'value': 26.6, 'unit': 'µg/m³', 'timestamp': '2025-05-07 09:00:00', 'fetched_at': '2025-05-08T16:03:52.395266+00:00'}
2025-05-08 18:03:53 | INFO     | Sent to Kafka: {'source': 'GIOS', 'station_id': 401, 'param': 'PM10', 'value': 21.1, 'unit': 'µg/m³', 'timestamp': '2025-05-07 08:00:00', 'fetched_at': '2025-05-08T16:03:52.395270+00:00'}
2025-05-08 18:03:53 | INFO     | Sent to Kafka: {'source': 'GIOS', 'station_id': 401, 'param': 'PM10', 'value': 31.8, 'unit': 'µg/m³', 'timestamp': '2025-05-07 07:00:00', 'fetched_at': '2025-05-08T16:03:52.395276+00:00'}
2025-05-08 18:03:53 | INFO     | Sent to Kafka: {'source': 'GIOS', 'station_id': 401, 'param': 'PM10', 'value': 20.0, 'unit': 'µg/m³', 'timestamp': '2025-05-07 06:00:00', 'fetched_at': '2025-05-08T16:03:52.395279+00:00'}
2025-05-08 18:03:53 | INFO     | Sent to Kafka: {'source': 'GIOS', 'station_id': 401, 'param': 'PM10', 'value': 13.2, 'unit': 'µg/m³', 'timestamp': '2025-05-07 05:00:00', 'fetched_at': '2025-05-08T16:03:52.395282+00:00'}
2025-05-08 18:03:53 | INFO     | Sent to Kafka: {'source': 'GIOS', 'station_id': 401, 'param': 'PM10', 'value': 12.8, 'unit': 'µg/m³', 'timestamp': '2025-05-07 04:00:00', 'fetched_at': '2025-05-08T16:03:52.395285+00:00'}
2025-05-08 18:03:53 | INFO     | Sent to Kafka: {'source': 'GIOS', 'station_id': 401, 'param': 'PM10', 'value': 20.5, 'unit': 'µg/m³', 'timestamp': '2025-05-07 03:00:00', 'fetched_at': '2025-05-08T16:03:52.395288+00:00'}
2025-05-08 18:03:53 | INFO     | Sent to Kafka: {'source': 'GIOS', 'station_id': 401, 'param': 'PM10', 'value': 19.3, 'unit': 'µg/m³', 'timestamp': '2025-05-07 02:00:00', 'fetched_at': '2025-05-08T16:03:52.395291+00:00'}
2025-05-08 18:03:53 | INFO     | Sent to Kafka: {'source': 'GIOS', 'station_id': 401, 'param': 'PM10', 'value': 18.0, 'unit': 'µg/m³', 'timestamp': '2025-05-07 01:00:00', 'fetched_at': '2025-05-08T16:03:52.395295+00:00'}
2025-05-08 18:03:53 | INFO     | Sent to Kafka: {'source': 'GIOS', 'station_id': 401, 'param': 'PM10', 'value': 25.5, 'unit': 'µg/m³', 'timestamp': '2025-05-07 00:00:00', 'fetched_at': '2025-05-08T16:03:52.395298+00:00'}
2025-05-08 18:03:53 | INFO     | Sent to Kafka: {'source': 'GIOS', 'station_id': 401, 'param': 'PM10', 'value': 25.7, 'unit': 'µg/m³', 'timestamp': '2025-05-06 23:00:00', 'fetched_at': '2025-05-08T16:03:52.395301+00:00'}
2025-05-08 18:03:53 | INFO     | Sent to Kafka: {'source': 'GIOS', 'station_id': 401, 'param': 'PM10', 'value': 23.8, 'unit': 'µg/m³', 'timestamp': '2025-05-06 22:00:00', 'fetched_at': '2025-05-08T16:03:52.395304+00:00'}
2025-05-08 18:03:53 | INFO     | Sent to Kafka: {'source': 'GIOS', 'station_id': 401, 'param': 'PM10', 'value': 17.2, 'unit': 'µg/m³', 'timestamp': '2025-05-06 21:00:00', 'fetched_at': '2025-05-08T16:03:52.395307+00:00'}
2025-05-08 18:03:53 | INFO     | Sent to Kafka: {'source': 'GIOS', 'station_id': 401, 'param': 'PM10', 'value': 15.3, 'unit': 'µg/m³', 'timestamp': '2025-05-06 20:00:00', 'fetched_at': '2025-05-08T16:03:52.395311+00:00'}
2025-05-08 18:03:53 | INFO     | Sent to Kafka: {'source': 'GIOS', 'station_id': 401, 'param': 'PM10', 'value': 16.2, 'unit': 'µg/m³', 'timestamp': '2025-05-06 19:00:00', 'fetched_at': '2025-05-08T16:03:52.395314+00:00'}
2025-05-08 18:03:53 | INFO     | Sent to Kafka: {'source': 'GIOS', 'station_id': 401, 'param': 'PM10', 'value': 10.0, 'unit': 'µg/m³', 'timestamp': '2025-05-06 18:00:00', 'fetched_at': '2025-05-08T16:03:52.395319+00:00'}
2025-05-08 18:03:53 | INFO     | Sent to Kafka: {'source': 'GIOS', 'station_id': 401, 'param': 'PM10', 'value': 8.2, 'unit': 'µg/m³', 'timestamp': '2025-05-06 17:00:00', 'fetched_at': '2025-05-08T16:03:52.395323+00:00'}
2025-05-08 18:03:53 | INFO     | Sent to Kafka: {'source': 'GIOS', 'station_id': 401, 'param': 'PM10', 'value': 9.7, 'unit': 'µg/m³', 'timestamp': '2025-05-06 16:00:00', 'fetched_at': '2025-05-08T16:03:52.395326+00:00'}
2025-05-08 18:03:53 | INFO     | Sent to Kafka: {'source': 'GIOS', 'station_id': 401, 'param': 'PM10', 'value': 12.8, 'unit': 'µg/m³', 'timestamp': '2025-05-06 15:00:00', 'fetched_at': '2025-05-08T16:03:52.395329+00:00'}
2025-05-08 18:03:53 | INFO     | Sent to Kafka: {'source': 'GIOS', 'station_id': 401, 'param': 'PM10', 'value': 11.7, 'unit': 'µg/m³', 'timestamp': '2025-05-06 14:00:00', 'fetched_at': '2025-05-08T16:03:52.395332+00:00'}
2025-05-08 18:03:53 | INFO     | Sent to Kafka: {'source': 'GIOS', 'station_id': 401, 'param': 'PM10', 'value': 10.9, 'unit': 'µg/m³', 'timestamp': '2025-05-06 13:00:00', 'fetched_at': '2025-05-08T16:03:52.395335+00:00'}
2025-05-08 18:03:53 | INFO     | Sent to Kafka: {'source': 'GIOS', 'station_id': 401, 'param': 'PM10', 'value': 12.2, 'unit': 'µg/m³', 'timestamp': '2025-05-06 12:00:00', 'fetched_at': '2025-05-08T16:03:52.395339+00:00'}
2025-05-08 18:03:53 | INFO     | Sent to Kafka: {'source': 'GIOS', 'station_id': 401, 'param': 'PM10', 'value': 10.1, 'unit': 'µg/m³', 'timestamp': '2025-05-06 11:00:00', 'fetched_at': '2025-05-08T16:03:52.395342+00:00'}
2025-05-08 18:03:53 | INFO     | Sent to Kafka: {'source': 'GIOS', 'station_id': 401, 'param': 'PM10', 'value': 11.3, 'unit': 'µg/m³', 'timestamp': '2025-05-06 10:00:00', 'fetched_at': '2025-05-08T16:03:52.395345+00:00'}
2025-05-08 18:03:53 | INFO     | Sent to Kafka: {'source': 'GIOS', 'station_id': 401, 'param': 'PM10', 'value': 12.9, 'unit': 'µg/m³', 'timestamp': '2025-05-06 09:00:00', 'fetched_at': '2025-05-08T16:03:52.395348+00:00'}
2025-05-08 18:03:53 | INFO     | Sent to Kafka: {'source': 'GIOS', 'station_id': 401, 'param': 'PM10', 'value': 12.2, 'unit': 'µg/m³', 'timestamp': '2025-05-06 08:00:00', 'fetched_at': '2025-05-08T16:03:52.395352+00:00'}
2025-05-08 18:03:53 | INFO     | Sent to Kafka: {'source': 'GIOS', 'station_id': 401, 'param': 'PM10', 'value': 14.5, 'unit': 'µg/m³', 'timestamp': '2025-05-06 07:00:00', 'fetched_at': '2025-05-08T16:03:52.395355+00:00'}
2025-05-08 18:03:53 | INFO     | Sent to Kafka: {'source': 'GIOS', 'station_id': 401, 'param': 'PM10', 'value': 17.6, 'unit': 'µg/m³', 'timestamp': '2025-05-06 06:00:00', 'fetched_at': '2025-05-08T16:03:52.395358+00:00'}
2025-05-08 18:03:53 | INFO     | Sent to Kafka: {'source': 'GIOS', 'station_id': 401, 'param': 'PM10', 'value': 11.3, 'unit': 'µg/m³', 'timestamp': '2025-05-06 05:00:00', 'fetched_at': '2025-05-08T16:03:52.395369+00:00'}
2025-05-08 18:03:53 | INFO     | Sent to Kafka: {'source': 'GIOS', 'station_id': 401, 'param': 'PM10', 'value': 13.5, 'unit': 'µg/m³', 'timestamp': '2025-05-06 04:00:00', 'fetched_at': '2025-05-08T16:03:52.395372+00:00'}
2025-05-08 18:03:53 | INFO     | Sent to Kafka: {'source': 'GIOS', 'station_id': 401, 'param': 'PM10', 'value': 9.3, 'unit': 'µg/m³', 'timestamp': '2025-05-06 03:00:00', 'fetched_at': '2025-05-08T16:03:52.395375+00:00'}
2025-05-08 18:03:53 | INFO     | Sent to Kafka: {'source': 'GIOS', 'station_id': 401, 'param': 'PM10', 'value': 10.5, 'unit': 'µg/m³', 'timestamp': '2025-05-06 02:00:00', 'fetched_at': '2025-05-08T16:03:52.395378+00:00'}
2025-05-08 18:03:53 | INFO     | Persisted 127 records → data/gios_20250508T160353Z.json
2025-05-08 18:13:53 | INFO     | Sent to Kafka: {'source': 'GIOS', 'station_id': 400, 'param': 'PM10', 'value': 15.9, 'unit': 'µg/m³', 'timestamp': '2025-05-08 18:00:00', 'fetched_at': '2025-05-08T16:13:53.018772+00:00'}
2025-05-08 18:13:53 | INFO     | Sent to Kafka: {'source': 'GIOS', 'station_id': 400, 'param': 'PM10', 'value': 17.7, 'unit': 'µg/m³', 'timestamp': '2025-05-08 17:00:00', 'fetched_at': '2025-05-08T16:13:53.018794+00:00'}
2025-05-08 18:13:53 | INFO     | Sent to Kafka: {'source': 'GIOS', 'station_id': 400, 'param': 'PM10', 'value': 14.9, 'unit': 'µg/m³', 'timestamp': '2025-05-08 16:00:00', 'fetched_at': '2025-05-08T16:13:53.018799+00:00'}
2025-05-08 18:13:53 | INFO     | Sent to Kafka: {'source': 'GIOS', 'station_id': 400, 'param': 'PM10', 'value': 14.9, 'unit': 'µg/m³', 'timestamp': '2025-05-08 15:00:00', 'fetched_at': '2025-05-08T16:13:53.018802+00:00'}
2025-05-08 18:13:53 | INFO     | Sent to Kafka: {'source': 'GIOS', 'station_id': 400, 'param': 'PM10', 'value': 15.6, 'unit': 'µg/m³', 'timestamp': '2025-05-08 14:00:00', 'fetched_at': '2025-05-08T16:13:53.018805+00:00'}
2025-05-08 18:13:53 | INFO     | Sent to Kafka: {'source': 'GIOS', 'station_id': 400, 'param': 'PM10', 'value': 16.7, 'unit': 'µg/m³', 'timestamp': '2025-05-08 13:00:00', 'fetched_at': '2025-05-08T16:13:53.018808+00:00'}
2025-05-08 18:13:53 | INFO     | Sent to Kafka: {'source': 'GIOS', 'station_id': 400, 'param': 'PM10', 'value': 17.2, 'unit': 'µg/m³', 'timestamp': '2025-05-08 12:00:00', 'fetched_at': '2025-05-08T16:13:53.018811+00:00'}
2025-05-08 18:13:53 | INFO     | Sent to Kafka: {'source': 'GIOS', 'station_id': 400, 'param': 'PM10', 'value': 20.9, 'unit': 'µg/m³', 'timestamp': '2025-05-08 11:00:00', 'fetched_at': '2025-05-08T16:13:53.018814+00:00'}
2025-05-08 18:13:53 | INFO     | Sent to Kafka: {'source': 'GIOS', 'station_id': 400, 'param': 'PM10', 'value': 29.9, 'unit': 'µg/m³', 'timestamp': '2025-05-08 10:00:00', 'fetched_at': '2025-05-08T16:13:53.018817+00:00'}
2025-05-08 18:13:53 | INFO     | Sent to Kafka: {'source': 'GIOS', 'station_id': 400, 'param': 'PM10', 'value': 36.9, 'unit': 'µg/m³', 'timestamp': '2025-05-08 09:00:00', 'fetched_at': '2025-05-08T16:13:53.018820+00:00'}
2025-05-08 18:13:53 | INFO     | Sent to Kafka: {'source': 'GIOS', 'station_id': 400, 'param': 'PM10', 'value': 36.8, 'unit': 'µg/m³', 'timestamp': '2025-05-08 08:00:00', 'fetched_at': '2025-05-08T16:13:53.018823+00:00'}
2025-05-08 18:13:53 | INFO     | Sent to Kafka: {'source': 'GIOS', 'station_id': 400, 'param': 'PM10', 'value': 34.2, 'unit': 'µg/m³', 'timestamp': '2025-05-08 07:00:00', 'fetched_at': '2025-05-08T16:13:53.018825+00:00'}
2025-05-08 18:13:53 | INFO     | Sent to Kafka: {'source': 'GIOS', 'station_id': 400, 'param': 'PM10', 'value': 29.1, 'unit': 'µg/m³', 'timestamp': '2025-05-08 06:00:00', 'fetched_at': '2025-05-08T16:13:53.018828+00:00'}
2025-05-08 18:13:53 | INFO     | Sent to Kafka: {'source': 'GIOS', 'station_id': 400, 'param': 'PM10', 'value': 17.4, 'unit': 'µg/m³', 'timestamp': '2025-05-08 05:00:00', 'fetched_at': '2025-05-08T16:13:53.018831+00:00'}
2025-05-08 18:13:53 | INFO     | Sent to Kafka: {'source': 'GIOS', 'station_id': 400, 'param': 'PM10', 'value': 15.0, 'unit': 'µg/m³', 'timestamp': '2025-05-08 04:00:00', 'fetched_at': '2025-05-08T16:13:53.018834+00:00'}
2025-05-08 18:13:53 | INFO     | Sent to Kafka: {'source': 'GIOS', 'station_id': 400, 'param': 'PM10', 'value': 58.8, 'unit': 'µg/m³', 'timestamp': '2025-05-08 03:00:00', 'fetched_at': '2025-05-08T16:13:53.018837+00:00'}
2025-05-08 18:13:53 | INFO     | Sent to Kafka: {'source': 'GIOS', 'station_id': 400, 'param': 'PM10', 'value': 17.4, 'unit': 'µg/m³', 'timestamp': '2025-05-08 02:00:00', 'fetched_at': '2025-05-08T16:13:53.018840+00:00'}
2025-05-08 18:13:53 | INFO     | Sent to Kafka: {'source': 'GIOS', 'station_id': 400, 'param': 'PM10', 'value': 27.0, 'unit': 'µg/m³', 'timestamp': '2025-05-08 01:00:00', 'fetched_at': '2025-05-08T16:13:53.018843+00:00'}
2025-05-08 18:13:53 | INFO     | Sent to Kafka: {'source': 'GIOS', 'station_id': 400, 'param': 'PM10', 'value': 22.0, 'unit': 'µg/m³', 'timestamp': '2025-05-08 00:00:00', 'fetched_at': '2025-05-08T16:13:53.018846+00:00'}
2025-05-08 18:13:53 | INFO     | Sent to Kafka: {'source': 'GIOS', 'station_id': 400, 'param': 'PM10', 'value': 14.3, 'unit': 'µg/m³', 'timestamp': '2025-05-07 23:00:00', 'fetched_at': '2025-05-08T16:13:53.018848+00:00'}
2025-05-08 18:13:53 | INFO     | Sent to Kafka: {'source': 'GIOS', 'station_id': 400, 'param': 'PM10', 'value': 17.1, 'unit': 'µg/m³', 'timestamp': '2025-05-07 22:00:00', 'fetched_at': '2025-05-08T16:13:53.018851+00:00'}
2025-05-08 18:13:53 | INFO     | Sent to Kafka: {'source': 'GIOS', 'station_id': 400, 'param': 'PM10', 'value': 16.9, 'unit': 'µg/m³', 'timestamp': '2025-05-07 21:00:00', 'fetched_at': '2025-05-08T16:13:53.018854+00:00'}
2025-05-08 18:13:53 | INFO     | Sent to Kafka: {'source': 'GIOS', 'station_id': 400, 'param': 'PM10', 'value': 14.8, 'unit': 'µg/m³', 'timestamp': '2025-05-07 20:00:00', 'fetched_at': '2025-05-08T16:13:53.018857+00:00'}
2025-05-08 18:13:53 | INFO     | Sent to Kafka: {'source': 'GIOS', 'station_id': 400, 'param': 'PM10', 'value': 16.4, 'unit': 'µg/m³', 'timestamp': '2025-05-07 19:00:00', 'fetched_at': '2025-05-08T16:13:53.018860+00:00'}
2025-05-08 18:13:53 | INFO     | Sent to Kafka: {'source': 'GIOS', 'station_id': 400, 'param': 'PM10', 'value': 19.1, 'unit': 'µg/m³', 'timestamp': '2025-05-07 18:00:00', 'fetched_at': '2025-05-08T16:13:53.018862+00:00'}
2025-05-08 18:13:53 | INFO     | Sent to Kafka: {'source': 'GIOS', 'station_id': 400, 'param': 'PM10', 'value': 20.9, 'unit': 'µg/m³', 'timestamp': '2025-05-07 17:00:00', 'fetched_at': '2025-05-08T16:13:53.018865+00:00'}
2025-05-08 18:13:53 | INFO     | Sent to Kafka: {'source': 'GIOS', 'station_id': 400, 'param': 'PM10', 'value': 20.6, 'unit': 'µg/m³', 'timestamp': '2025-05-07 16:00:00', 'fetched_at': '2025-05-08T16:13:53.018868+00:00'}
2025-05-08 18:13:53 | INFO     | Sent to Kafka: {'source': 'GIOS', 'station_id': 400, 'param': 'PM10', 'value': 19.1, 'unit': 'µg/m³', 'timestamp': '2025-05-07 15:00:00', 'fetched_at': '2025-05-08T16:13:53.018871+00:00'}
2025-05-08 18:13:53 | INFO     | Sent to Kafka: {'source': 'GIOS', 'station_id': 400, 'param': 'PM10', 'value': 15.8, 'unit': 'µg/m³', 'timestamp': '2025-05-07 14:00:00', 'fetched_at': '2025-05-08T16:13:53.018874+00:00'}
2025-05-08 18:13:53 | INFO     | Sent to Kafka: {'source': 'GIOS', 'station_id': 400, 'param': 'PM10', 'value': 16.6, 'unit': 'µg/m³', 'timestamp': '2025-05-07 13:00:00', 'fetched_at': '2025-05-08T16:13:53.018877+00:00'}
2025-05-08 18:13:53 | INFO     | Sent to Kafka: {'source': 'GIOS', 'station_id': 400, 'param': 'PM10', 'value': 16.6, 'unit': 'µg/m³', 'timestamp': '2025-05-07 12:00:00', 'fetched_at': '2025-05-08T16:13:53.018879+00:00'}
2025-05-08 18:13:53 | INFO     | Sent to Kafka: {'source': 'GIOS', 'station_id': 400, 'param': 'PM10', 'value': 18.4, 'unit': 'µg/m³', 'timestamp': '2025-05-07 11:00:00', 'fetched_at': '2025-05-08T16:13:53.018882+00:00'}
2025-05-08 18:13:53 | INFO     | Sent to Kafka: {'source': 'GIOS', 'station_id': 400, 'param': 'PM10', 'value': 19.5, 'unit': 'µg/m³', 'timestamp': '2025-05-07 10:00:00', 'fetched_at': '2025-05-08T16:13:53.018885+00:00'}
2025-05-08 18:13:53 | INFO     | Sent to Kafka: {'source': 'GIOS', 'station_id': 400, 'param': 'PM10', 'value': 24.7, 'unit': 'µg/m³', 'timestamp': '2025-05-07 09:00:00', 'fetched_at': '2025-05-08T16:13:53.018888+00:00'}
2025-05-08 18:13:53 | INFO     | Sent to Kafka: {'source': 'GIOS', 'station_id': 400, 'param': 'PM10', 'value': 27.6, 'unit': 'µg/m³', 'timestamp': '2025-05-07 08:00:00', 'fetched_at': '2025-05-08T16:13:53.018891+00:00'}
2025-05-08 18:13:53 | INFO     | Sent to Kafka: {'source': 'GIOS', 'station_id': 400, 'param': 'PM10', 'value': 20.8, 'unit': 'µg/m³', 'timestamp': '2025-05-07 07:00:00', 'fetched_at': '2025-05-08T16:13:53.018894+00:00'}
2025-05-08 18:13:53 | INFO     | Sent to Kafka: {'source': 'GIOS', 'station_id': 400, 'param': 'PM10', 'value': 20.6, 'unit': 'µg/m³', 'timestamp': '2025-05-07 06:00:00', 'fetched_at': '2025-05-08T16:13:53.018897+00:00'}
2025-05-08 18:13:53 | INFO     | Sent to Kafka: {'source': 'GIOS', 'station_id': 400, 'param': 'PM10', 'value': 16.5, 'unit': 'µg/m³', 'timestamp': '2025-05-07 05:00:00', 'fetched_at': '2025-05-08T16:13:53.018900+00:00'}
2025-05-08 18:13:53 | INFO     | Sent to Kafka: {'source': 'GIOS', 'station_id': 400, 'param': 'PM10', 'value': 14.2, 'unit': 'µg/m³', 'timestamp': '2025-05-07 04:00:00', 'fetched_at': '2025-05-08T16:13:53.018902+00:00'}
2025-05-08 18:13:53 | INFO     | Sent to Kafka: {'source': 'GIOS', 'station_id': 400, 'param': 'PM10', 'value': 11.5, 'unit': 'µg/m³', 'timestamp': '2025-05-07 03:00:00', 'fetched_at': '2025-05-08T16:13:53.018905+00:00'}
2025-05-08 18:13:53 | INFO     | Sent to Kafka: {'source': 'GIOS', 'station_id': 400, 'param': 'PM10', 'value': 12.8, 'unit': 'µg/m³', 'timestamp': '2025-05-07 02:00:00', 'fetched_at': '2025-05-08T16:13:53.018908+00:00'}
2025-05-08 18:13:53 | INFO     | Sent to Kafka: {'source': 'GIOS', 'station_id': 400, 'param': 'PM10', 'value': 14.7, 'unit': 'µg/m³', 'timestamp': '2025-05-07 01:00:00', 'fetched_at': '2025-05-08T16:13:53.018911+00:00'}
2025-05-08 18:13:53 | INFO     | Sent to Kafka: {'source': 'GIOS', 'station_id': 400, 'param': 'PM10', 'value': 16.3, 'unit': 'µg/m³', 'timestamp': '2025-05-07 00:00:00', 'fetched_at': '2025-05-08T16:13:53.018914+00:00'}
2025-05-08 18:13:53 | INFO     | Sent to Kafka: {'source': 'GIOS', 'station_id': 400, 'param': 'PM10', 'value': 20.9, 'unit': 'µg/m³', 'timestamp': '2025-05-06 23:00:00', 'fetched_at': '2025-05-08T16:13:53.018917+00:00'}
2025-05-08 18:13:53 | INFO     | Sent to Kafka: {'source': 'GIOS', 'station_id': 400, 'param': 'PM10', 'value': 18.9, 'unit': 'µg/m³', 'timestamp': '2025-05-06 22:00:00', 'fetched_at': '2025-05-08T16:13:53.018920+00:00'}
2025-05-08 18:13:53 | INFO     | Sent to Kafka: {'source': 'GIOS', 'station_id': 400, 'param': 'PM10', 'value': 17.7, 'unit': 'µg/m³', 'timestamp': '2025-05-06 21:00:00', 'fetched_at': '2025-05-08T16:13:53.018923+00:00'}
2025-05-08 18:13:53 | INFO     | Sent to Kafka: {'source': 'GIOS', 'station_id': 400, 'param': 'PM10', 'value': 17.8, 'unit': 'µg/m³', 'timestamp': '2025-05-06 20:00:00', 'fetched_at': '2025-05-08T16:13:53.018925+00:00'}
2025-05-08 18:13:53 | INFO     | Sent to Kafka: {'source': 'GIOS', 'station_id': 400, 'param': 'PM10', 'value': 15.1, 'unit': 'µg/m³', 'timestamp': '2025-05-06 19:00:00', 'fetched_at': '2025-05-08T16:13:53.018928+00:00'}
2025-05-08 18:13:53 | INFO     | Sent to Kafka: {'source': 'GIOS', 'station_id': 400, 'param': 'PM10', 'value': 14.8, 'unit': 'µg/m³', 'timestamp': '2025-05-06 18:00:00', 'fetched_at': '2025-05-08T16:13:53.018931+00:00'}
2025-05-08 18:13:53 | INFO     | Sent to Kafka: {'source': 'GIOS', 'station_id': 400, 'param': 'PM10', 'value': 12.8, 'unit': 'µg/m³', 'timestamp': '2025-05-06 17:00:00', 'fetched_at': '2025-05-08T16:13:53.018934+00:00'}
2025-05-08 18:13:53 | INFO     | Sent to Kafka: {'source': 'GIOS', 'station_id': 400, 'param': 'PM10', 'value': 13.9, 'unit': 'µg/m³', 'timestamp': '2025-05-06 16:00:00', 'fetched_at': '2025-05-08T16:13:53.018937+00:00'}
2025-05-08 18:13:53 | INFO     | Sent to Kafka: {'source': 'GIOS', 'station_id': 400, 'param': 'PM10', 'value': 14.3, 'unit': 'µg/m³', 'timestamp': '2025-05-06 15:00:00', 'fetched_at': '2025-05-08T16:13:53.018940+00:00'}
2025-05-08 18:13:53 | INFO     | Sent to Kafka: {'source': 'GIOS', 'station_id': 400, 'param': 'PM10', 'value': 14.7, 'unit': 'µg/m³', 'timestamp': '2025-05-06 14:00:00', 'fetched_at': '2025-05-08T16:13:53.018942+00:00'}
2025-05-08 18:13:53 | INFO     | Sent to Kafka: {'source': 'GIOS', 'station_id': 400, 'param': 'PM10', 'value': 15.0, 'unit': 'µg/m³', 'timestamp': '2025-05-06 13:00:00', 'fetched_at': '2025-05-08T16:13:53.018955+00:00'}
2025-05-08 18:13:53 | INFO     | Sent to Kafka: {'source': 'GIOS', 'station_id': 400, 'param': 'PM10', 'value': 16.1, 'unit': 'µg/m³', 'timestamp': '2025-05-06 12:00:00', 'fetched_at': '2025-05-08T16:13:53.018959+00:00'}
2025-05-08 18:13:53 | INFO     | Sent to Kafka: {'source': 'GIOS', 'station_id': 400, 'param': 'PM10', 'value': 17.4, 'unit': 'µg/m³', 'timestamp': '2025-05-06 11:00:00', 'fetched_at': '2025-05-08T16:13:53.018962+00:00'}
2025-05-08 18:13:53 | INFO     | Sent to Kafka: {'source': 'GIOS', 'station_id': 400, 'param': 'PM10', 'value': 20.0, 'unit': 'µg/m³', 'timestamp': '2025-05-06 10:00:00', 'fetched_at': '2025-05-08T16:13:53.018964+00:00'}
2025-05-08 18:13:53 | INFO     | Sent to Kafka: {'source': 'GIOS', 'station_id': 400, 'param': 'PM10', 'value': 22.1, 'unit': 'µg/m³', 'timestamp': '2025-05-06 09:00:00', 'fetched_at': '2025-05-08T16:13:53.018967+00:00'}
2025-05-08 18:13:53 | INFO     | Sent to Kafka: {'source': 'GIOS', 'station_id': 400, 'param': 'PM10', 'value': 18.1, 'unit': 'µg/m³', 'timestamp': '2025-05-06 08:00:00', 'fetched_at': '2025-05-08T16:13:53.018970+00:00'}
2025-05-08 18:13:53 | INFO     | Sent to Kafka: {'source': 'GIOS', 'station_id': 400, 'param': 'PM10', 'value': 17.6, 'unit': 'µg/m³', 'timestamp': '2025-05-06 07:00:00', 'fetched_at': '2025-05-08T16:13:53.018973+00:00'}
2025-05-08 18:13:53 | INFO     | Sent to Kafka: {'source': 'GIOS', 'station_id': 400, 'param': 'PM10', 'value': 12.6, 'unit': 'µg/m³', 'timestamp': '2025-05-06 06:00:00', 'fetched_at': '2025-05-08T16:13:53.018976+00:00'}
2025-05-08 18:13:53 | INFO     | Sent to Kafka: {'source': 'GIOS', 'station_id': 400, 'param': 'PM10', 'value': 9.9, 'unit': 'µg/m³', 'timestamp': '2025-05-06 05:00:00', 'fetched_at': '2025-05-08T16:13:53.018978+00:00'}
2025-05-08 18:13:53 | INFO     | Sent to Kafka: {'source': 'GIOS', 'station_id': 400, 'param': 'PM10', 'value': 10.9, 'unit': 'µg/m³', 'timestamp': '2025-05-06 04:00:00', 'fetched_at': '2025-05-08T16:13:53.018981+00:00'}
2025-05-08 18:13:53 | INFO     | Sent to Kafka: {'source': 'GIOS', 'station_id': 400, 'param': 'PM10', 'value': 11.6, 'unit': 'µg/m³', 'timestamp': '2025-05-06 03:00:00', 'fetched_at': '2025-05-08T16:13:53.018984+00:00'}
2025-05-08 18:13:53 | INFO     | Sent to Kafka: {'source': 'GIOS', 'station_id': 400, 'param': 'PM10', 'value': 12.4, 'unit': 'µg/m³', 'timestamp': '2025-05-06 02:00:00', 'fetched_at': '2025-05-08T16:13:53.018987+00:00'}
2025-05-08 18:13:53 | INFO     | Sent to Kafka: {'source': 'GIOS', 'station_id': 401, 'param': 'PM10', 'value': 12.2, 'unit': 'µg/m³', 'timestamp': '2025-05-08 17:00:00', 'fetched_at': '2025-05-08T16:13:53.390480+00:00'}
2025-05-08 18:13:53 | INFO     | Sent to Kafka: {'source': 'GIOS', 'station_id': 401, 'param': 'PM10', 'value': 13.6, 'unit': 'µg/m³', 'timestamp': '2025-05-08 16:00:00', 'fetched_at': '2025-05-08T16:13:53.390499+00:00'}
2025-05-08 18:13:53 | INFO     | Sent to Kafka: {'source': 'GIOS', 'station_id': 401, 'param': 'PM10', 'value': 18.5, 'unit': 'µg/m³', 'timestamp': '2025-05-08 15:00:00', 'fetched_at': '2025-05-08T16:13:53.390503+00:00'}
2025-05-08 18:13:53 | INFO     | Sent to Kafka: {'source': 'GIOS', 'station_id': 401, 'param': 'PM10', 'value': 15.7, 'unit': 'µg/m³', 'timestamp': '2025-05-08 14:00:00', 'fetched_at': '2025-05-08T16:13:53.390505+00:00'}
2025-05-08 18:13:53 | INFO     | Sent to Kafka: {'source': 'GIOS', 'station_id': 401, 'param': 'PM10', 'value': 11.8, 'unit': 'µg/m³', 'timestamp': '2025-05-08 13:00:00', 'fetched_at': '2025-05-08T16:13:53.390508+00:00'}
2025-05-08 18:13:53 | INFO     | Sent to Kafka: {'source': 'GIOS', 'station_id': 401, 'param': 'PM10', 'value': 5.7, 'unit': 'µg/m³', 'timestamp': '2025-05-08 12:00:00', 'fetched_at': '2025-05-08T16:13:53.390511+00:00'}
2025-05-08 18:13:53 | INFO     | Sent to Kafka: {'source': 'GIOS', 'station_id': 401, 'param': 'PM10', 'value': 19.5, 'unit': 'µg/m³', 'timestamp': '2025-05-08 11:00:00', 'fetched_at': '2025-05-08T16:13:53.390514+00:00'}
2025-05-08 18:13:53 | INFO     | Sent to Kafka: {'source': 'GIOS', 'station_id': 401, 'param': 'PM10', 'value': 16.8, 'unit': 'µg/m³', 'timestamp': '2025-05-08 10:00:00', 'fetched_at': '2025-05-08T16:13:53.390517+00:00'}
2025-05-08 18:13:53 | INFO     | Sent to Kafka: {'source': 'GIOS', 'station_id': 401, 'param': 'PM10', 'value': 16.8, 'unit': 'µg/m³', 'timestamp': '2025-05-08 09:00:00', 'fetched_at': '2025-05-08T16:13:53.390520+00:00'}
2025-05-08 18:13:53 | INFO     | Sent to Kafka: {'source': 'GIOS', 'station_id': 401, 'param': 'PM10', 'value': 16.5, 'unit': 'µg/m³', 'timestamp': '2025-05-08 08:00:00', 'fetched_at': '2025-05-08T16:13:53.390523+00:00'}
2025-05-08 18:13:53 | INFO     | Sent to Kafka: {'source': 'GIOS', 'station_id': 401, 'param': 'PM10', 'value': 21.8, 'unit': 'µg/m³', 'timestamp': '2025-05-08 07:00:00', 'fetched_at': '2025-05-08T16:13:53.390526+00:00'}
2025-05-08 18:13:53 | INFO     | Sent to Kafka: {'source': 'GIOS', 'station_id': 401, 'param': 'PM10', 'value': 17.4, 'unit': 'µg/m³', 'timestamp': '2025-05-08 06:00:00', 'fetched_at': '2025-05-08T16:13:53.390529+00:00'}
2025-05-08 18:13:53 | INFO     | Sent to Kafka: {'source': 'GIOS', 'station_id': 401, 'param': 'PM10', 'value': 8.8, 'unit': 'µg/m³', 'timestamp': '2025-05-08 05:00:00', 'fetched_at': '2025-05-08T16:13:53.390532+00:00'}
2025-05-08 18:13:53 | INFO     | Sent to Kafka: {'source': 'GIOS', 'station_id': 401, 'param': 'PM10', 'value': 13.1, 'unit': 'µg/m³', 'timestamp': '2025-05-08 04:00:00', 'fetched_at': '2025-05-08T16:13:53.390534+00:00'}
2025-05-08 18:13:53 | INFO     | Sent to Kafka: {'source': 'GIOS', 'station_id': 401, 'param': 'PM10', 'value': 14.7, 'unit': 'µg/m³', 'timestamp': '2025-05-08 03:00:00', 'fetched_at': '2025-05-08T16:13:53.390537+00:00'}
2025-05-08 18:13:53 | INFO     | Sent to Kafka: {'source': 'GIOS', 'station_id': 401, 'param': 'PM10', 'value': 15.2, 'unit': 'µg/m³', 'timestamp': '2025-05-08 02:00:00', 'fetched_at': '2025-05-08T16:13:53.390540+00:00'}
2025-05-08 18:13:53 | INFO     | Sent to Kafka: {'source': 'GIOS', 'station_id': 401, 'param': 'PM10', 'value': 16.9, 'unit': 'µg/m³', 'timestamp': '2025-05-08 01:00:00', 'fetched_at': '2025-05-08T16:13:53.390543+00:00'}
2025-05-08 18:13:53 | INFO     | Sent to Kafka: {'source': 'GIOS', 'station_id': 401, 'param': 'PM10', 'value': 21.6, 'unit': 'µg/m³', 'timestamp': '2025-05-08 00:00:00', 'fetched_at': '2025-05-08T16:13:53.390546+00:00'}
2025-05-08 18:13:53 | INFO     | Sent to Kafka: {'source': 'GIOS', 'station_id': 401, 'param': 'PM10', 'value': 19.2, 'unit': 'µg/m³', 'timestamp': '2025-05-07 23:00:00', 'fetched_at': '2025-05-08T16:13:53.390549+00:00'}
2025-05-08 18:13:53 | INFO     | Sent to Kafka: {'source': 'GIOS', 'station_id': 401, 'param': 'PM10', 'value': 19.7, 'unit': 'µg/m³', 'timestamp': '2025-05-07 22:00:00', 'fetched_at': '2025-05-08T16:13:53.390551+00:00'}
2025-05-08 18:13:53 | INFO     | Sent to Kafka: {'source': 'GIOS', 'station_id': 401, 'param': 'PM10', 'value': 17.1, 'unit': 'µg/m³', 'timestamp': '2025-05-07 21:00:00', 'fetched_at': '2025-05-08T16:13:53.390554+00:00'}
2025-05-08 18:13:53 | INFO     | Sent to Kafka: {'source': 'GIOS', 'station_id': 401, 'param': 'PM10', 'value': 17.1, 'unit': 'µg/m³', 'timestamp': '2025-05-07 20:00:00', 'fetched_at': '2025-05-08T16:13:53.390557+00:00'}
2025-05-08 18:13:53 | INFO     | Sent to Kafka: {'source': 'GIOS', 'station_id': 401, 'param': 'PM10', 'value': 18.8, 'unit': 'µg/m³', 'timestamp': '2025-05-07 19:00:00', 'fetched_at': '2025-05-08T16:13:53.390560+00:00'}
2025-05-08 18:13:53 | INFO     | Sent to Kafka: {'source': 'GIOS', 'station_id': 401, 'param': 'PM10', 'value': 27.0, 'unit': 'µg/m³', 'timestamp': '2025-05-07 18:00:00', 'fetched_at': '2025-05-08T16:13:53.390563+00:00'}
2025-05-08 18:13:53 | INFO     | Sent to Kafka: {'source': 'GIOS', 'station_id': 401, 'param': 'PM10', 'value': 31.0, 'unit': 'µg/m³', 'timestamp': '2025-05-07 17:00:00', 'fetched_at': '2025-05-08T16:13:53.390565+00:00'}
2025-05-08 18:13:53 | INFO     | Sent to Kafka: {'source': 'GIOS', 'station_id': 401, 'param': 'PM10', 'value': 24.9, 'unit': 'µg/m³', 'timestamp': '2025-05-07 16:00:00', 'fetched_at': '2025-05-08T16:13:53.390568+00:00'}
2025-05-08 18:13:53 | INFO     | Sent to Kafka: {'source': 'GIOS', 'station_id': 401, 'param': 'PM10', 'value': 18.8, 'unit': 'µg/m³', 'timestamp': '2025-05-07 15:00:00', 'fetched_at': '2025-05-08T16:13:53.390571+00:00'}
2025-05-08 18:13:53 | INFO     | Sent to Kafka: {'source': 'GIOS', 'station_id': 401, 'param': 'PM10', 'value': 18.1, 'unit': 'µg/m³', 'timestamp': '2025-05-07 14:00:00', 'fetched_at': '2025-05-08T16:13:53.390590+00:00'}
2025-05-08 18:13:53 | INFO     | Sent to Kafka: {'source': 'GIOS', 'station_id': 401, 'param': 'PM10', 'value': 16.5, 'unit': 'µg/m³', 'timestamp': '2025-05-07 13:00:00', 'fetched_at': '2025-05-08T16:13:53.390594+00:00'}
2025-05-08 18:13:53 | INFO     | Sent to Kafka: {'source': 'GIOS', 'station_id': 401, 'param': 'PM10', 'value': 15.3, 'unit': 'µg/m³', 'timestamp': '2025-05-07 12:00:00', 'fetched_at': '2025-05-08T16:13:53.390597+00:00'}
2025-05-08 18:13:53 | INFO     | Sent to Kafka: {'source': 'GIOS', 'station_id': 401, 'param': 'PM10', 'value': 16.1, 'unit': 'µg/m³', 'timestamp': '2025-05-07 11:00:00', 'fetched_at': '2025-05-08T16:13:53.390607+00:00'}
2025-05-08 18:13:53 | INFO     | Sent to Kafka: {'source': 'GIOS', 'station_id': 401, 'param': 'PM10', 'value': 24.9, 'unit': 'µg/m³', 'timestamp': '2025-05-07 10:00:00', 'fetched_at': '2025-05-08T16:13:53.390610+00:00'}
2025-05-08 18:13:53 | INFO     | Sent to Kafka: {'source': 'GIOS', 'station_id': 401, 'param': 'PM10', 'value': 26.6, 'unit': 'µg/m³', 'timestamp': '2025-05-07 09:00:00', 'fetched_at': '2025-05-08T16:13:53.390613+00:00'}
2025-05-08 18:13:53 | INFO     | Sent to Kafka: {'source': 'GIOS', 'station_id': 401, 'param': 'PM10', 'value': 21.1, 'unit': 'µg/m³', 'timestamp': '2025-05-07 08:00:00', 'fetched_at': '2025-05-08T16:13:53.390616+00:00'}
2025-05-08 18:13:53 | INFO     | Sent to Kafka: {'source': 'GIOS', 'station_id': 401, 'param': 'PM10', 'value': 31.8, 'unit': 'µg/m³', 'timestamp': '2025-05-07 07:00:00', 'fetched_at': '2025-05-08T16:13:53.390619+00:00'}
2025-05-08 18:13:53 | INFO     | Sent to Kafka: {'source': 'GIOS', 'station_id': 401, 'param': 'PM10', 'value': 20.0, 'unit': 'µg/m³', 'timestamp': '2025-05-07 06:00:00', 'fetched_at': '2025-05-08T16:13:53.390622+00:00'}
2025-05-08 18:13:53 | INFO     | Sent to Kafka: {'source': 'GIOS', 'station_id': 401, 'param': 'PM10', 'value': 13.2, 'unit': 'µg/m³', 'timestamp': '2025-05-07 05:00:00', 'fetched_at': '2025-05-08T16:13:53.390624+00:00'}
2025-05-08 18:13:53 | INFO     | Sent to Kafka: {'source': 'GIOS', 'station_id': 401, 'param': 'PM10', 'value': 12.8, 'unit': 'µg/m³', 'timestamp': '2025-05-07 04:00:00', 'fetched_at': '2025-05-08T16:13:53.390627+00:00'}
2025-05-08 18:13:53 | INFO     | Sent to Kafka: {'source': 'GIOS', 'station_id': 401, 'param': 'PM10', 'value': 20.5, 'unit': 'µg/m³', 'timestamp': '2025-05-07 03:00:00', 'fetched_at': '2025-05-08T16:13:53.390630+00:00'}
2025-05-08 18:13:53 | INFO     | Sent to Kafka: {'source': 'GIOS', 'station_id': 401, 'param': 'PM10', 'value': 19.3, 'unit': 'µg/m³', 'timestamp': '2025-05-07 02:00:00', 'fetched_at': '2025-05-08T16:13:53.390632+00:00'}
2025-05-08 18:13:53 | INFO     | Sent to Kafka: {'source': 'GIOS', 'station_id': 401, 'param': 'PM10', 'value': 18.0, 'unit': 'µg/m³', 'timestamp': '2025-05-07 01:00:00', 'fetched_at': '2025-05-08T16:13:53.390643+00:00'}
2025-05-08 18:13:53 | INFO     | Sent to Kafka: {'source': 'GIOS', 'station_id': 401, 'param': 'PM10', 'value': 25.5, 'unit': 'µg/m³', 'timestamp': '2025-05-07 00:00:00', 'fetched_at': '2025-05-08T16:13:53.390646+00:00'}
2025-05-08 18:13:53 | INFO     | Sent to Kafka: {'source': 'GIOS', 'station_id': 401, 'param': 'PM10', 'value': 25.7, 'unit': 'µg/m³', 'timestamp': '2025-05-06 23:00:00', 'fetched_at': '2025-05-08T16:13:53.390649+00:00'}
2025-05-08 18:13:53 | INFO     | Sent to Kafka: {'source': 'GIOS', 'station_id': 401, 'param': 'PM10', 'value': 23.8, 'unit': 'µg/m³', 'timestamp': '2025-05-06 22:00:00', 'fetched_at': '2025-05-08T16:13:53.390652+00:00'}
2025-05-08 18:13:53 | INFO     | Sent to Kafka: {'source': 'GIOS', 'station_id': 401, 'param': 'PM10', 'value': 17.2, 'unit': 'µg/m³', 'timestamp': '2025-05-06 21:00:00', 'fetched_at': '2025-05-08T16:13:53.390654+00:00'}
2025-05-08 18:13:53 | INFO     | Sent to Kafka: {'source': 'GIOS', 'station_id': 401, 'param': 'PM10', 'value': 15.3, 'unit': 'µg/m³', 'timestamp': '2025-05-06 20:00:00', 'fetched_at': '2025-05-08T16:13:53.390657+00:00'}
2025-05-08 18:13:53 | INFO     | Sent to Kafka: {'source': 'GIOS', 'station_id': 401, 'param': 'PM10', 'value': 16.2, 'unit': 'µg/m³', 'timestamp': '2025-05-06 19:00:00', 'fetched_at': '2025-05-08T16:13:53.390660+00:00'}
2025-05-08 18:13:53 | INFO     | Sent to Kafka: {'source': 'GIOS', 'station_id': 401, 'param': 'PM10', 'value': 10.0, 'unit': 'µg/m³', 'timestamp': '2025-05-06 18:00:00', 'fetched_at': '2025-05-08T16:13:53.390662+00:00'}
2025-05-08 18:13:53 | INFO     | Sent to Kafka: {'source': 'GIOS', 'station_id': 401, 'param': 'PM10', 'value': 8.2, 'unit': 'µg/m³', 'timestamp': '2025-05-06 17:00:00', 'fetched_at': '2025-05-08T16:13:53.390665+00:00'}
2025-05-08 18:13:53 | INFO     | Sent to Kafka: {'source': 'GIOS', 'station_id': 401, 'param': 'PM10', 'value': 9.7, 'unit': 'µg/m³', 'timestamp': '2025-05-06 16:00:00', 'fetched_at': '2025-05-08T16:13:53.390668+00:00'}
2025-05-08 18:13:53 | INFO     | Sent to Kafka: {'source': 'GIOS', 'station_id': 401, 'param': 'PM10', 'value': 12.8, 'unit': 'µg/m³', 'timestamp': '2025-05-06 15:00:00', 'fetched_at': '2025-05-08T16:13:53.390671+00:00'}
2025-05-08 18:13:53 | INFO     | Sent to Kafka: {'source': 'GIOS', 'station_id': 401, 'param': 'PM10', 'value': 11.7, 'unit': 'µg/m³', 'timestamp': '2025-05-06 14:00:00', 'fetched_at': '2025-05-08T16:13:53.390674+00:00'}
2025-05-08 18:13:53 | INFO     | Sent to Kafka: {'source': 'GIOS', 'station_id': 401, 'param': 'PM10', 'value': 10.9, 'unit': 'µg/m³', 'timestamp': '2025-05-06 13:00:00', 'fetched_at': '2025-05-08T16:13:53.390676+00:00'}
2025-05-08 18:13:53 | INFO     | Sent to Kafka: {'source': 'GIOS', 'station_id': 401, 'param': 'PM10', 'value': 12.2, 'unit': 'µg/m³', 'timestamp': '2025-05-06 12:00:00', 'fetched_at': '2025-05-08T16:13:53.390687+00:00'}
2025-05-08 18:13:53 | INFO     | Sent to Kafka: {'source': 'GIOS', 'station_id': 401, 'param': 'PM10', 'value': 10.1, 'unit': 'µg/m³', 'timestamp': '2025-05-06 11:00:00', 'fetched_at': '2025-05-08T16:13:53.390690+00:00'}
2025-05-08 18:13:53 | INFO     | Sent to Kafka: {'source': 'GIOS', 'station_id': 401, 'param': 'PM10', 'value': 11.3, 'unit': 'µg/m³', 'timestamp': '2025-05-06 10:00:00', 'fetched_at': '2025-05-08T16:13:53.390693+00:00'}
2025-05-08 18:13:53 | INFO     | Sent to Kafka: {'source': 'GIOS', 'station_id': 401, 'param': 'PM10', 'value': 12.9, 'unit': 'µg/m³', 'timestamp': '2025-05-06 09:00:00', 'fetched_at': '2025-05-08T16:13:53.390695+00:00'}
2025-05-08 18:13:53 | INFO     | Sent to Kafka: {'source': 'GIOS', 'station_id': 401, 'param': 'PM10', 'value': 12.2, 'unit': 'µg/m³', 'timestamp': '2025-05-06 08:00:00', 'fetched_at': '2025-05-08T16:13:53.390698+00:00'}
2025-05-08 18:13:53 | INFO     | Sent to Kafka: {'source': 'GIOS', 'station_id': 401, 'param': 'PM10', 'value': 14.5, 'unit': 'µg/m³', 'timestamp': '2025-05-06 07:00:00', 'fetched_at': '2025-05-08T16:13:53.390701+00:00'}
2025-05-08 18:13:53 | INFO     | Sent to Kafka: {'source': 'GIOS', 'station_id': 401, 'param': 'PM10', 'value': 17.6, 'unit': 'µg/m³', 'timestamp': '2025-05-06 06:00:00', 'fetched_at': '2025-05-08T16:13:53.390704+00:00'}
2025-05-08 18:13:53 | INFO     | Sent to Kafka: {'source': 'GIOS', 'station_id': 401, 'param': 'PM10', 'value': 11.3, 'unit': 'µg/m³', 'timestamp': '2025-05-06 05:00:00', 'fetched_at': '2025-05-08T16:13:53.390706+00:00'}
2025-05-08 18:13:53 | INFO     | Sent to Kafka: {'source': 'GIOS', 'station_id': 401, 'param': 'PM10', 'value': 13.5, 'unit': 'µg/m³', 'timestamp': '2025-05-06 04:00:00', 'fetched_at': '2025-05-08T16:13:53.390709+00:00'}
2025-05-08 18:13:53 | INFO     | Sent to Kafka: {'source': 'GIOS', 'station_id': 401, 'param': 'PM10', 'value': 9.3, 'unit': 'µg/m³', 'timestamp': '2025-05-06 03:00:00', 'fetched_at': '2025-05-08T16:13:53.390712+00:00'}
2025-05-08 18:13:53 | INFO     | Sent to Kafka: {'source': 'GIOS', 'station_id': 401, 'param': 'PM10', 'value': 10.5, 'unit': 'µg/m³', 'timestamp': '2025-05-06 02:00:00', 'fetched_at': '2025-05-08T16:13:53.390714+00:00'}
2025-05-08 18:13:54 | INFO     | Persisted 129 records → data/gios_20250508T161353Z.json
2025-05-08 18:23:52 | INFO     | Sent to Kafka: {'source': 'GIOS', 'station_id': 400, 'param': 'PM10', 'value': 15.9, 'unit': 'µg/m³', 'timestamp': '2025-05-08 18:00:00', 'fetched_at': '2025-05-08T16:23:52.036136+00:00'}
2025-05-08 18:23:52 | INFO     | Sent to Kafka: {'source': 'GIOS', 'station_id': 400, 'param': 'PM10', 'value': 17.7, 'unit': 'µg/m³', 'timestamp': '2025-05-08 17:00:00', 'fetched_at': '2025-05-08T16:23:52.036159+00:00'}
2025-05-08 18:23:52 | INFO     | Sent to Kafka: {'source': 'GIOS', 'station_id': 400, 'param': 'PM10', 'value': 14.9, 'unit': 'µg/m³', 'timestamp': '2025-05-08 16:00:00', 'fetched_at': '2025-05-08T16:23:52.036164+00:00'}
2025-05-08 18:23:52 | INFO     | Sent to Kafka: {'source': 'GIOS', 'station_id': 400, 'param': 'PM10', 'value': 14.9, 'unit': 'µg/m³', 'timestamp': '2025-05-08 15:00:00', 'fetched_at': '2025-05-08T16:23:52.036167+00:00'}
2025-05-08 18:23:52 | INFO     | Sent to Kafka: {'source': 'GIOS', 'station_id': 400, 'param': 'PM10', 'value': 15.6, 'unit': 'µg/m³', 'timestamp': '2025-05-08 14:00:00', 'fetched_at': '2025-05-08T16:23:52.036170+00:00'}
2025-05-08 18:23:52 | INFO     | Sent to Kafka: {'source': 'GIOS', 'station_id': 400, 'param': 'PM10', 'value': 16.7, 'unit': 'µg/m³', 'timestamp': '2025-05-08 13:00:00', 'fetched_at': '2025-05-08T16:23:52.036173+00:00'}
2025-05-08 18:23:52 | INFO     | Sent to Kafka: {'source': 'GIOS', 'station_id': 400, 'param': 'PM10', 'value': 17.2, 'unit': 'µg/m³', 'timestamp': '2025-05-08 12:00:00', 'fetched_at': '2025-05-08T16:23:52.036176+00:00'}
2025-05-08 18:23:52 | INFO     | Sent to Kafka: {'source': 'GIOS', 'station_id': 400, 'param': 'PM10', 'value': 20.9, 'unit': 'µg/m³', 'timestamp': '2025-05-08 11:00:00', 'fetched_at': '2025-05-08T16:23:52.036179+00:00'}
2025-05-08 18:23:52 | INFO     | Sent to Kafka: {'source': 'GIOS', 'station_id': 400, 'param': 'PM10', 'value': 29.9, 'unit': 'µg/m³', 'timestamp': '2025-05-08 10:00:00', 'fetched_at': '2025-05-08T16:23:52.036182+00:00'}
2025-05-08 18:23:52 | INFO     | Sent to Kafka: {'source': 'GIOS', 'station_id': 400, 'param': 'PM10', 'value': 36.9, 'unit': 'µg/m³', 'timestamp': '2025-05-08 09:00:00', 'fetched_at': '2025-05-08T16:23:52.036185+00:00'}
2025-05-08 18:23:52 | INFO     | Sent to Kafka: {'source': 'GIOS', 'station_id': 400, 'param': 'PM10', 'value': 36.8, 'unit': 'µg/m³', 'timestamp': '2025-05-08 08:00:00', 'fetched_at': '2025-05-08T16:23:52.036188+00:00'}
2025-05-08 18:23:52 | INFO     | Sent to Kafka: {'source': 'GIOS', 'station_id': 400, 'param': 'PM10', 'value': 34.2, 'unit': 'µg/m³', 'timestamp': '2025-05-08 07:00:00', 'fetched_at': '2025-05-08T16:23:52.036191+00:00'}
2025-05-08 18:23:52 | INFO     | Sent to Kafka: {'source': 'GIOS', 'station_id': 400, 'param': 'PM10', 'value': 29.1, 'unit': 'µg/m³', 'timestamp': '2025-05-08 06:00:00', 'fetched_at': '2025-05-08T16:23:52.036194+00:00'}
2025-05-08 18:23:52 | INFO     | Sent to Kafka: {'source': 'GIOS', 'station_id': 400, 'param': 'PM10', 'value': 17.4, 'unit': 'µg/m³', 'timestamp': '2025-05-08 05:00:00', 'fetched_at': '2025-05-08T16:23:52.036197+00:00'}
2025-05-08 18:23:52 | INFO     | Sent to Kafka: {'source': 'GIOS', 'station_id': 400, 'param': 'PM10', 'value': 15.0, 'unit': 'µg/m³', 'timestamp': '2025-05-08 04:00:00', 'fetched_at': '2025-05-08T16:23:52.036199+00:00'}
2025-05-08 18:23:52 | INFO     | Sent to Kafka: {'source': 'GIOS', 'station_id': 400, 'param': 'PM10', 'value': 58.8, 'unit': 'µg/m³', 'timestamp': '2025-05-08 03:00:00', 'fetched_at': '2025-05-08T16:23:52.036212+00:00'}
2025-05-08 18:23:52 | INFO     | Sent to Kafka: {'source': 'GIOS', 'station_id': 400, 'param': 'PM10', 'value': 17.4, 'unit': 'µg/m³', 'timestamp': '2025-05-08 02:00:00', 'fetched_at': '2025-05-08T16:23:52.036217+00:00'}
2025-05-08 18:23:52 | INFO     | Sent to Kafka: {'source': 'GIOS', 'station_id': 400, 'param': 'PM10', 'value': 27.0, 'unit': 'µg/m³', 'timestamp': '2025-05-08 01:00:00', 'fetched_at': '2025-05-08T16:23:52.036221+00:00'}
2025-05-08 18:23:52 | INFO     | Sent to Kafka: {'source': 'GIOS', 'station_id': 400, 'param': 'PM10', 'value': 22.0, 'unit': 'µg/m³', 'timestamp': '2025-05-08 00:00:00', 'fetched_at': '2025-05-08T16:23:52.036224+00:00'}
2025-05-08 18:23:52 | INFO     | Sent to Kafka: {'source': 'GIOS', 'station_id': 400, 'param': 'PM10', 'value': 14.3, 'unit': 'µg/m³', 'timestamp': '2025-05-07 23:00:00', 'fetched_at': '2025-05-08T16:23:52.036228+00:00'}
2025-05-08 18:23:52 | INFO     | Sent to Kafka: {'source': 'GIOS', 'station_id': 400, 'param': 'PM10', 'value': 17.1, 'unit': 'µg/m³', 'timestamp': '2025-05-07 22:00:00', 'fetched_at': '2025-05-08T16:23:52.036231+00:00'}
2025-05-08 18:23:52 | INFO     | Sent to Kafka: {'source': 'GIOS', 'station_id': 400, 'param': 'PM10', 'value': 16.9, 'unit': 'µg/m³', 'timestamp': '2025-05-07 21:00:00', 'fetched_at': '2025-05-08T16:23:52.036235+00:00'}
2025-05-08 18:23:52 | INFO     | Sent to Kafka: {'source': 'GIOS', 'station_id': 400, 'param': 'PM10', 'value': 14.8, 'unit': 'µg/m³', 'timestamp': '2025-05-07 20:00:00', 'fetched_at': '2025-05-08T16:23:52.036239+00:00'}
2025-05-08 18:23:52 | INFO     | Sent to Kafka: {'source': 'GIOS', 'station_id': 400, 'param': 'PM10', 'value': 16.4, 'unit': 'µg/m³', 'timestamp': '2025-05-07 19:00:00', 'fetched_at': '2025-05-08T16:23:52.036242+00:00'}
2025-05-08 18:23:52 | INFO     | Sent to Kafka: {'source': 'GIOS', 'station_id': 400, 'param': 'PM10', 'value': 19.1, 'unit': 'µg/m³', 'timestamp': '2025-05-07 18:00:00', 'fetched_at': '2025-05-08T16:23:52.036245+00:00'}
2025-05-08 18:23:52 | INFO     | Sent to Kafka: {'source': 'GIOS', 'station_id': 400, 'param': 'PM10', 'value': 20.9, 'unit': 'µg/m³', 'timestamp': '2025-05-07 17:00:00', 'fetched_at': '2025-05-08T16:23:52.036249+00:00'}
2025-05-08 18:23:52 | INFO     | Sent to Kafka: {'source': 'GIOS', 'station_id': 400, 'param': 'PM10', 'value': 20.6, 'unit': 'µg/m³', 'timestamp': '2025-05-07 16:00:00', 'fetched_at': '2025-05-08T16:23:52.036252+00:00'}
2025-05-08 18:23:52 | INFO     | Sent to Kafka: {'source': 'GIOS', 'station_id': 400, 'param': 'PM10', 'value': 19.1, 'unit': 'µg/m³', 'timestamp': '2025-05-07 15:00:00', 'fetched_at': '2025-05-08T16:23:52.036256+00:00'}
2025-05-08 18:23:52 | INFO     | Sent to Kafka: {'source': 'GIOS', 'station_id': 400, 'param': 'PM10', 'value': 15.8, 'unit': 'µg/m³', 'timestamp': '2025-05-07 14:00:00', 'fetched_at': '2025-05-08T16:23:52.036266+00:00'}
2025-05-08 18:23:52 | INFO     | Sent to Kafka: {'source': 'GIOS', 'station_id': 400, 'param': 'PM10', 'value': 16.6, 'unit': 'µg/m³', 'timestamp': '2025-05-07 13:00:00', 'fetched_at': '2025-05-08T16:23:52.036269+00:00'}
2025-05-08 18:23:52 | INFO     | Sent to Kafka: {'source': 'GIOS', 'station_id': 400, 'param': 'PM10', 'value': 16.6, 'unit': 'µg/m³', 'timestamp': '2025-05-07 12:00:00', 'fetched_at': '2025-05-08T16:23:52.036272+00:00'}
2025-05-08 18:23:52 | INFO     | Sent to Kafka: {'source': 'GIOS', 'station_id': 400, 'param': 'PM10', 'value': 18.4, 'unit': 'µg/m³', 'timestamp': '2025-05-07 11:00:00', 'fetched_at': '2025-05-08T16:23:52.036275+00:00'}
2025-05-08 18:23:52 | INFO     | Sent to Kafka: {'source': 'GIOS', 'station_id': 400, 'param': 'PM10', 'value': 19.5, 'unit': 'µg/m³', 'timestamp': '2025-05-07 10:00:00', 'fetched_at': '2025-05-08T16:23:52.036278+00:00'}
2025-05-08 18:23:52 | INFO     | Sent to Kafka: {'source': 'GIOS', 'station_id': 400, 'param': 'PM10', 'value': 24.7, 'unit': 'µg/m³', 'timestamp': '2025-05-07 09:00:00', 'fetched_at': '2025-05-08T16:23:52.036281+00:00'}
2025-05-08 18:23:52 | INFO     | Sent to Kafka: {'source': 'GIOS', 'station_id': 400, 'param': 'PM10', 'value': 27.6, 'unit': 'µg/m³', 'timestamp': '2025-05-07 08:00:00', 'fetched_at': '2025-05-08T16:23:52.036284+00:00'}
2025-05-08 18:23:52 | INFO     | Sent to Kafka: {'source': 'GIOS', 'station_id': 400, 'param': 'PM10', 'value': 20.8, 'unit': 'µg/m³', 'timestamp': '2025-05-07 07:00:00', 'fetched_at': '2025-05-08T16:23:52.036286+00:00'}
2025-05-08 18:23:52 | INFO     | Sent to Kafka: {'source': 'GIOS', 'station_id': 400, 'param': 'PM10', 'value': 20.6, 'unit': 'µg/m³', 'timestamp': '2025-05-07 06:00:00', 'fetched_at': '2025-05-08T16:23:52.036289+00:00'}
2025-05-08 18:23:52 | INFO     | Sent to Kafka: {'source': 'GIOS', 'station_id': 400, 'param': 'PM10', 'value': 16.5, 'unit': 'µg/m³', 'timestamp': '2025-05-07 05:00:00', 'fetched_at': '2025-05-08T16:23:52.036292+00:00'}
2025-05-08 18:23:52 | INFO     | Sent to Kafka: {'source': 'GIOS', 'station_id': 400, 'param': 'PM10', 'value': 14.2, 'unit': 'µg/m³', 'timestamp': '2025-05-07 04:00:00', 'fetched_at': '2025-05-08T16:23:52.036295+00:00'}
2025-05-08 18:23:52 | INFO     | Sent to Kafka: {'source': 'GIOS', 'station_id': 400, 'param': 'PM10', 'value': 11.5, 'unit': 'µg/m³', 'timestamp': '2025-05-07 03:00:00', 'fetched_at': '2025-05-08T16:23:52.036297+00:00'}
2025-05-08 18:23:52 | INFO     | Sent to Kafka: {'source': 'GIOS', 'station_id': 400, 'param': 'PM10', 'value': 12.8, 'unit': 'µg/m³', 'timestamp': '2025-05-07 02:00:00', 'fetched_at': '2025-05-08T16:23:52.036300+00:00'}
2025-05-08 18:23:52 | INFO     | Sent to Kafka: {'source': 'GIOS', 'station_id': 400, 'param': 'PM10', 'value': 14.7, 'unit': 'µg/m³', 'timestamp': '2025-05-07 01:00:00', 'fetched_at': '2025-05-08T16:23:52.036309+00:00'}
2025-05-08 18:23:52 | INFO     | Sent to Kafka: {'source': 'GIOS', 'station_id': 400, 'param': 'PM10', 'value': 16.3, 'unit': 'µg/m³', 'timestamp': '2025-05-07 00:00:00', 'fetched_at': '2025-05-08T16:23:52.036312+00:00'}
2025-05-08 18:23:52 | INFO     | Sent to Kafka: {'source': 'GIOS', 'station_id': 400, 'param': 'PM10', 'value': 20.9, 'unit': 'µg/m³', 'timestamp': '2025-05-06 23:00:00', 'fetched_at': '2025-05-08T16:23:52.036315+00:00'}
2025-05-08 18:23:52 | INFO     | Sent to Kafka: {'source': 'GIOS', 'station_id': 400, 'param': 'PM10', 'value': 18.9, 'unit': 'µg/m³', 'timestamp': '2025-05-06 22:00:00', 'fetched_at': '2025-05-08T16:23:52.036317+00:00'}
2025-05-08 18:23:52 | INFO     | Sent to Kafka: {'source': 'GIOS', 'station_id': 400, 'param': 'PM10', 'value': 17.7, 'unit': 'µg/m³', 'timestamp': '2025-05-06 21:00:00', 'fetched_at': '2025-05-08T16:23:52.036321+00:00'}
2025-05-08 18:23:52 | INFO     | Sent to Kafka: {'source': 'GIOS', 'station_id': 400, 'param': 'PM10', 'value': 17.8, 'unit': 'µg/m³', 'timestamp': '2025-05-06 20:00:00', 'fetched_at': '2025-05-08T16:23:52.036323+00:00'}
2025-05-08 18:23:52 | INFO     | Sent to Kafka: {'source': 'GIOS', 'station_id': 400, 'param': 'PM10', 'value': 15.1, 'unit': 'µg/m³', 'timestamp': '2025-05-06 19:00:00', 'fetched_at': '2025-05-08T16:23:52.036326+00:00'}
2025-05-08 18:23:52 | INFO     | Sent to Kafka: {'source': 'GIOS', 'station_id': 400, 'param': 'PM10', 'value': 14.8, 'unit': 'µg/m³', 'timestamp': '2025-05-06 18:00:00', 'fetched_at': '2025-05-08T16:23:52.036329+00:00'}
2025-05-08 18:23:52 | INFO     | Sent to Kafka: {'source': 'GIOS', 'station_id': 400, 'param': 'PM10', 'value': 12.8, 'unit': 'µg/m³', 'timestamp': '2025-05-06 17:00:00', 'fetched_at': '2025-05-08T16:23:52.036332+00:00'}
2025-05-08 18:23:52 | INFO     | Sent to Kafka: {'source': 'GIOS', 'station_id': 400, 'param': 'PM10', 'value': 13.9, 'unit': 'µg/m³', 'timestamp': '2025-05-06 16:00:00', 'fetched_at': '2025-05-08T16:23:52.036335+00:00'}
2025-05-08 18:23:52 | INFO     | Sent to Kafka: {'source': 'GIOS', 'station_id': 400, 'param': 'PM10', 'value': 14.3, 'unit': 'µg/m³', 'timestamp': '2025-05-06 15:00:00', 'fetched_at': '2025-05-08T16:23:52.036337+00:00'}
2025-05-08 18:23:52 | INFO     | Sent to Kafka: {'source': 'GIOS', 'station_id': 400, 'param': 'PM10', 'value': 14.7, 'unit': 'µg/m³', 'timestamp': '2025-05-06 14:00:00', 'fetched_at': '2025-05-08T16:23:52.036340+00:00'}
2025-05-08 18:23:52 | INFO     | Sent to Kafka: {'source': 'GIOS', 'station_id': 400, 'param': 'PM10', 'value': 15.0, 'unit': 'µg/m³', 'timestamp': '2025-05-06 13:00:00', 'fetched_at': '2025-05-08T16:23:52.036343+00:00'}
2025-05-08 18:23:52 | INFO     | Sent to Kafka: {'source': 'GIOS', 'station_id': 400, 'param': 'PM10', 'value': 16.1, 'unit': 'µg/m³', 'timestamp': '2025-05-06 12:00:00', 'fetched_at': '2025-05-08T16:23:52.036353+00:00'}
2025-05-08 18:23:52 | INFO     | Sent to Kafka: {'source': 'GIOS', 'station_id': 400, 'param': 'PM10', 'value': 17.4, 'unit': 'µg/m³', 'timestamp': '2025-05-06 11:00:00', 'fetched_at': '2025-05-08T16:23:52.036356+00:00'}
2025-05-08 18:23:52 | INFO     | Sent to Kafka: {'source': 'GIOS', 'station_id': 400, 'param': 'PM10', 'value': 20.0, 'unit': 'µg/m³', 'timestamp': '2025-05-06 10:00:00', 'fetched_at': '2025-05-08T16:23:52.036359+00:00'}
2025-05-08 18:23:52 | INFO     | Sent to Kafka: {'source': 'GIOS', 'station_id': 400, 'param': 'PM10', 'value': 22.1, 'unit': 'µg/m³', 'timestamp': '2025-05-06 09:00:00', 'fetched_at': '2025-05-08T16:23:52.036362+00:00'}
2025-05-08 18:23:52 | INFO     | Sent to Kafka: {'source': 'GIOS', 'station_id': 400, 'param': 'PM10', 'value': 18.1, 'unit': 'µg/m³', 'timestamp': '2025-05-06 08:00:00', 'fetched_at': '2025-05-08T16:23:52.036365+00:00'}
2025-05-08 18:23:52 | INFO     | Sent to Kafka: {'source': 'GIOS', 'station_id': 400, 'param': 'PM10', 'value': 17.6, 'unit': 'µg/m³', 'timestamp': '2025-05-06 07:00:00', 'fetched_at': '2025-05-08T16:23:52.036367+00:00'}
2025-05-08 18:23:52 | INFO     | Sent to Kafka: {'source': 'GIOS', 'station_id': 400, 'param': 'PM10', 'value': 12.6, 'unit': 'µg/m³', 'timestamp': '2025-05-06 06:00:00', 'fetched_at': '2025-05-08T16:23:52.036370+00:00'}
2025-05-08 18:23:52 | INFO     | Sent to Kafka: {'source': 'GIOS', 'station_id': 400, 'param': 'PM10', 'value': 9.9, 'unit': 'µg/m³', 'timestamp': '2025-05-06 05:00:00', 'fetched_at': '2025-05-08T16:23:52.036373+00:00'}
2025-05-08 18:23:52 | INFO     | Sent to Kafka: {'source': 'GIOS', 'station_id': 400, 'param': 'PM10', 'value': 10.9, 'unit': 'µg/m³', 'timestamp': '2025-05-06 04:00:00', 'fetched_at': '2025-05-08T16:23:52.036376+00:00'}
2025-05-08 18:23:52 | INFO     | Sent to Kafka: {'source': 'GIOS', 'station_id': 400, 'param': 'PM10', 'value': 11.6, 'unit': 'µg/m³', 'timestamp': '2025-05-06 03:00:00', 'fetched_at': '2025-05-08T16:23:52.036379+00:00'}
2025-05-08 18:23:52 | INFO     | Sent to Kafka: {'source': 'GIOS', 'station_id': 400, 'param': 'PM10', 'value': 12.4, 'unit': 'µg/m³', 'timestamp': '2025-05-06 02:00:00', 'fetched_at': '2025-05-08T16:23:52.036381+00:00'}
2025-05-08 18:23:52 | INFO     | Sent to Kafka: {'source': 'GIOS', 'station_id': 401, 'param': 'PM10', 'value': 12.2, 'unit': 'µg/m³', 'timestamp': '2025-05-08 17:00:00', 'fetched_at': '2025-05-08T16:23:52.478436+00:00'}
2025-05-08 18:23:52 | INFO     | Sent to Kafka: {'source': 'GIOS', 'station_id': 401, 'param': 'PM10', 'value': 13.6, 'unit': 'µg/m³', 'timestamp': '2025-05-08 16:00:00', 'fetched_at': '2025-05-08T16:23:52.478455+00:00'}
2025-05-08 18:23:52 | INFO     | Sent to Kafka: {'source': 'GIOS', 'station_id': 401, 'param': 'PM10', 'value': 18.5, 'unit': 'µg/m³', 'timestamp': '2025-05-08 15:00:00', 'fetched_at': '2025-05-08T16:23:52.478476+00:00'}
2025-05-08 18:23:52 | INFO     | Sent to Kafka: {'source': 'GIOS', 'station_id': 401, 'param': 'PM10', 'value': 15.7, 'unit': 'µg/m³', 'timestamp': '2025-05-08 14:00:00', 'fetched_at': '2025-05-08T16:23:52.478481+00:00'}
2025-05-08 18:23:52 | INFO     | Sent to Kafka: {'source': 'GIOS', 'station_id': 401, 'param': 'PM10', 'value': 11.8, 'unit': 'µg/m³', 'timestamp': '2025-05-08 13:00:00', 'fetched_at': '2025-05-08T16:23:52.478484+00:00'}
2025-05-08 18:23:52 | INFO     | Sent to Kafka: {'source': 'GIOS', 'station_id': 401, 'param': 'PM10', 'value': 5.7, 'unit': 'µg/m³', 'timestamp': '2025-05-08 12:00:00', 'fetched_at': '2025-05-08T16:23:52.478487+00:00'}
2025-05-08 18:23:52 | INFO     | Sent to Kafka: {'source': 'GIOS', 'station_id': 401, 'param': 'PM10', 'value': 19.5, 'unit': 'µg/m³', 'timestamp': '2025-05-08 11:00:00', 'fetched_at': '2025-05-08T16:23:52.478490+00:00'}
2025-05-08 18:23:52 | INFO     | Sent to Kafka: {'source': 'GIOS', 'station_id': 401, 'param': 'PM10', 'value': 16.8, 'unit': 'µg/m³', 'timestamp': '2025-05-08 10:00:00', 'fetched_at': '2025-05-08T16:23:52.478493+00:00'}
2025-05-08 18:23:52 | INFO     | Sent to Kafka: {'source': 'GIOS', 'station_id': 401, 'param': 'PM10', 'value': 16.8, 'unit': 'µg/m³', 'timestamp': '2025-05-08 09:00:00', 'fetched_at': '2025-05-08T16:23:52.478496+00:00'}
2025-05-08 18:23:52 | INFO     | Sent to Kafka: {'source': 'GIOS', 'station_id': 401, 'param': 'PM10', 'value': 16.5, 'unit': 'µg/m³', 'timestamp': '2025-05-08 08:00:00', 'fetched_at': '2025-05-08T16:23:52.478499+00:00'}
2025-05-08 18:23:52 | INFO     | Sent to Kafka: {'source': 'GIOS', 'station_id': 401, 'param': 'PM10', 'value': 21.8, 'unit': 'µg/m³', 'timestamp': '2025-05-08 07:00:00', 'fetched_at': '2025-05-08T16:23:52.478502+00:00'}
2025-05-08 18:23:52 | INFO     | Sent to Kafka: {'source': 'GIOS', 'station_id': 401, 'param': 'PM10', 'value': 17.4, 'unit': 'µg/m³', 'timestamp': '2025-05-08 06:00:00', 'fetched_at': '2025-05-08T16:23:52.478505+00:00'}
2025-05-08 18:23:52 | INFO     | Sent to Kafka: {'source': 'GIOS', 'station_id': 401, 'param': 'PM10', 'value': 8.8, 'unit': 'µg/m³', 'timestamp': '2025-05-08 05:00:00', 'fetched_at': '2025-05-08T16:23:52.478508+00:00'}
2025-05-08 18:23:52 | INFO     | Sent to Kafka: {'source': 'GIOS', 'station_id': 401, 'param': 'PM10', 'value': 13.1, 'unit': 'µg/m³', 'timestamp': '2025-05-08 04:00:00', 'fetched_at': '2025-05-08T16:23:52.478510+00:00'}
2025-05-08 18:23:52 | INFO     | Sent to Kafka: {'source': 'GIOS', 'station_id': 401, 'param': 'PM10', 'value': 14.7, 'unit': 'µg/m³', 'timestamp': '2025-05-08 03:00:00', 'fetched_at': '2025-05-08T16:23:52.478513+00:00'}
2025-05-08 18:23:52 | INFO     | Sent to Kafka: {'source': 'GIOS', 'station_id': 401, 'param': 'PM10', 'value': 15.2, 'unit': 'µg/m³', 'timestamp': '2025-05-08 02:00:00', 'fetched_at': '2025-05-08T16:23:52.478535+00:00'}
2025-05-08 18:23:52 | INFO     | Sent to Kafka: {'source': 'GIOS', 'station_id': 401, 'param': 'PM10', 'value': 16.9, 'unit': 'µg/m³', 'timestamp': '2025-05-08 01:00:00', 'fetched_at': '2025-05-08T16:23:52.478539+00:00'}
2025-05-08 18:23:52 | INFO     | Sent to Kafka: {'source': 'GIOS', 'station_id': 401, 'param': 'PM10', 'value': 21.6, 'unit': 'µg/m³', 'timestamp': '2025-05-08 00:00:00', 'fetched_at': '2025-05-08T16:23:52.478542+00:00'}
2025-05-08 18:23:52 | INFO     | Sent to Kafka: {'source': 'GIOS', 'station_id': 401, 'param': 'PM10', 'value': 19.2, 'unit': 'µg/m³', 'timestamp': '2025-05-07 23:00:00', 'fetched_at': '2025-05-08T16:23:52.478544+00:00'}
2025-05-08 18:23:52 | INFO     | Sent to Kafka: {'source': 'GIOS', 'station_id': 401, 'param': 'PM10', 'value': 19.7, 'unit': 'µg/m³', 'timestamp': '2025-05-07 22:00:00', 'fetched_at': '2025-05-08T16:23:52.478547+00:00'}
2025-05-08 18:23:52 | INFO     | Sent to Kafka: {'source': 'GIOS', 'station_id': 401, 'param': 'PM10', 'value': 17.1, 'unit': 'µg/m³', 'timestamp': '2025-05-07 21:00:00', 'fetched_at': '2025-05-08T16:23:52.478550+00:00'}
2025-05-08 18:23:52 | INFO     | Sent to Kafka: {'source': 'GIOS', 'station_id': 401, 'param': 'PM10', 'value': 17.1, 'unit': 'µg/m³', 'timestamp': '2025-05-07 20:00:00', 'fetched_at': '2025-05-08T16:23:52.478553+00:00'}
2025-05-08 18:23:52 | INFO     | Sent to Kafka: {'source': 'GIOS', 'station_id': 401, 'param': 'PM10', 'value': 18.8, 'unit': 'µg/m³', 'timestamp': '2025-05-07 19:00:00', 'fetched_at': '2025-05-08T16:23:52.478556+00:00'}
2025-05-08 18:23:52 | INFO     | Sent to Kafka: {'source': 'GIOS', 'station_id': 401, 'param': 'PM10', 'value': 27.0, 'unit': 'µg/m³', 'timestamp': '2025-05-07 18:00:00', 'fetched_at': '2025-05-08T16:23:52.478558+00:00'}
2025-05-08 18:23:52 | INFO     | Sent to Kafka: {'source': 'GIOS', 'station_id': 401, 'param': 'PM10', 'value': 31.0, 'unit': 'µg/m³', 'timestamp': '2025-05-07 17:00:00', 'fetched_at': '2025-05-08T16:23:52.478561+00:00'}
2025-05-08 18:23:52 | INFO     | Sent to Kafka: {'source': 'GIOS', 'station_id': 401, 'param': 'PM10', 'value': 24.9, 'unit': 'µg/m³', 'timestamp': '2025-05-07 16:00:00', 'fetched_at': '2025-05-08T16:23:52.478564+00:00'}
2025-05-08 18:23:52 | INFO     | Sent to Kafka: {'source': 'GIOS', 'station_id': 401, 'param': 'PM10', 'value': 18.8, 'unit': 'µg/m³', 'timestamp': '2025-05-07 15:00:00', 'fetched_at': '2025-05-08T16:23:52.478567+00:00'}
2025-05-08 18:23:52 | INFO     | Sent to Kafka: {'source': 'GIOS', 'station_id': 401, 'param': 'PM10', 'value': 18.1, 'unit': 'µg/m³', 'timestamp': '2025-05-07 14:00:00', 'fetched_at': '2025-05-08T16:23:52.478570+00:00'}
2025-05-08 18:23:52 | INFO     | Sent to Kafka: {'source': 'GIOS', 'station_id': 401, 'param': 'PM10', 'value': 16.5, 'unit': 'µg/m³', 'timestamp': '2025-05-07 13:00:00', 'fetched_at': '2025-05-08T16:23:52.478581+00:00'}
2025-05-08 18:23:52 | INFO     | Sent to Kafka: {'source': 'GIOS', 'station_id': 401, 'param': 'PM10', 'value': 15.3, 'unit': 'µg/m³', 'timestamp': '2025-05-07 12:00:00', 'fetched_at': '2025-05-08T16:23:52.478585+00:00'}
2025-05-08 18:23:52 | INFO     | Sent to Kafka: {'source': 'GIOS', 'station_id': 401, 'param': 'PM10', 'value': 16.1, 'unit': 'µg/m³', 'timestamp': '2025-05-07 11:00:00', 'fetched_at': '2025-05-08T16:23:52.478587+00:00'}
2025-05-08 18:23:52 | INFO     | Sent to Kafka: {'source': 'GIOS', 'station_id': 401, 'param': 'PM10', 'value': 24.9, 'unit': 'µg/m³', 'timestamp': '2025-05-07 10:00:00', 'fetched_at': '2025-05-08T16:23:52.478590+00:00'}
2025-05-08 18:23:52 | INFO     | Sent to Kafka: {'source': 'GIOS', 'station_id': 401, 'param': 'PM10', 'value': 26.6, 'unit': 'µg/m³', 'timestamp': '2025-05-07 09:00:00', 'fetched_at': '2025-05-08T16:23:52.478593+00:00'}
2025-05-08 18:23:52 | INFO     | Sent to Kafka: {'source': 'GIOS', 'station_id': 401, 'param': 'PM10', 'value': 21.1, 'unit': 'µg/m³', 'timestamp': '2025-05-07 08:00:00', 'fetched_at': '2025-05-08T16:23:52.478596+00:00'}
2025-05-08 18:23:52 | INFO     | Sent to Kafka: {'source': 'GIOS', 'station_id': 401, 'param': 'PM10', 'value': 31.8, 'unit': 'µg/m³', 'timestamp': '2025-05-07 07:00:00', 'fetched_at': '2025-05-08T16:23:52.478599+00:00'}
2025-05-08 18:23:52 | INFO     | Sent to Kafka: {'source': 'GIOS', 'station_id': 401, 'param': 'PM10', 'value': 20.0, 'unit': 'µg/m³', 'timestamp': '2025-05-07 06:00:00', 'fetched_at': '2025-05-08T16:23:52.478602+00:00'}
2025-05-08 18:23:52 | INFO     | Sent to Kafka: {'source': 'GIOS', 'station_id': 401, 'param': 'PM10', 'value': 13.2, 'unit': 'µg/m³', 'timestamp': '2025-05-07 05:00:00', 'fetched_at': '2025-05-08T16:23:52.478605+00:00'}
2025-05-08 18:23:52 | INFO     | Sent to Kafka: {'source': 'GIOS', 'station_id': 401, 'param': 'PM10', 'value': 12.8, 'unit': 'µg/m³', 'timestamp': '2025-05-07 04:00:00', 'fetched_at': '2025-05-08T16:23:52.478608+00:00'}
2025-05-08 18:23:52 | INFO     | Sent to Kafka: {'source': 'GIOS', 'station_id': 401, 'param': 'PM10', 'value': 20.5, 'unit': 'µg/m³', 'timestamp': '2025-05-07 03:00:00', 'fetched_at': '2025-05-08T16:23:52.478610+00:00'}
2025-05-08 18:23:52 | INFO     | Sent to Kafka: {'source': 'GIOS', 'station_id': 401, 'param': 'PM10', 'value': 19.3, 'unit': 'µg/m³', 'timestamp': '2025-05-07 02:00:00', 'fetched_at': '2025-05-08T16:23:52.478613+00:00'}
2025-05-08 18:23:52 | INFO     | Sent to Kafka: {'source': 'GIOS', 'station_id': 401, 'param': 'PM10', 'value': 18.0, 'unit': 'µg/m³', 'timestamp': '2025-05-07 01:00:00', 'fetched_at': '2025-05-08T16:23:52.478616+00:00'}
2025-05-08 18:23:52 | INFO     | Sent to Kafka: {'source': 'GIOS', 'station_id': 401, 'param': 'PM10', 'value': 25.5, 'unit': 'µg/m³', 'timestamp': '2025-05-07 00:00:00', 'fetched_at': '2025-05-08T16:23:52.478626+00:00'}
2025-05-08 18:23:52 | INFO     | Sent to Kafka: {'source': 'GIOS', 'station_id': 401, 'param': 'PM10', 'value': 25.7, 'unit': 'µg/m³', 'timestamp': '2025-05-06 23:00:00', 'fetched_at': '2025-05-08T16:23:52.478630+00:00'}
2025-05-08 18:23:52 | INFO     | Sent to Kafka: {'source': 'GIOS', 'station_id': 401, 'param': 'PM10', 'value': 23.8, 'unit': 'µg/m³', 'timestamp': '2025-05-06 22:00:00', 'fetched_at': '2025-05-08T16:23:52.478632+00:00'}
2025-05-08 18:23:52 | INFO     | Sent to Kafka: {'source': 'GIOS', 'station_id': 401, 'param': 'PM10', 'value': 17.2, 'unit': 'µg/m³', 'timestamp': '2025-05-06 21:00:00', 'fetched_at': '2025-05-08T16:23:52.478635+00:00'}
2025-05-08 18:23:52 | INFO     | Sent to Kafka: {'source': 'GIOS', 'station_id': 401, 'param': 'PM10', 'value': 15.3, 'unit': 'µg/m³', 'timestamp': '2025-05-06 20:00:00', 'fetched_at': '2025-05-08T16:23:52.478638+00:00'}
2025-05-08 18:23:52 | INFO     | Sent to Kafka: {'source': 'GIOS', 'station_id': 401, 'param': 'PM10', 'value': 16.2, 'unit': 'µg/m³', 'timestamp': '2025-05-06 19:00:00', 'fetched_at': '2025-05-08T16:23:52.478641+00:00'}
2025-05-08 18:23:52 | INFO     | Sent to Kafka: {'source': 'GIOS', 'station_id': 401, 'param': 'PM10', 'value': 10.0, 'unit': 'µg/m³', 'timestamp': '2025-05-06 18:00:00', 'fetched_at': '2025-05-08T16:23:52.478643+00:00'}
2025-05-08 18:23:52 | INFO     | Sent to Kafka: {'source': 'GIOS', 'station_id': 401, 'param': 'PM10', 'value': 8.2, 'unit': 'µg/m³', 'timestamp': '2025-05-06 17:00:00', 'fetched_at': '2025-05-08T16:23:52.478646+00:00'}
2025-05-08 18:23:52 | INFO     | Sent to Kafka: {'source': 'GIOS', 'station_id': 401, 'param': 'PM10', 'value': 9.7, 'unit': 'µg/m³', 'timestamp': '2025-05-06 16:00:00', 'fetched_at': '2025-05-08T16:23:52.478649+00:00'}
2025-05-08 18:23:52 | INFO     | Sent to Kafka: {'source': 'GIOS', 'station_id': 401, 'param': 'PM10', 'value': 12.8, 'unit': 'µg/m³', 'timestamp': '2025-05-06 15:00:00', 'fetched_at': '2025-05-08T16:23:52.478652+00:00'}
2025-05-08 18:23:52 | INFO     | Sent to Kafka: {'source': 'GIOS', 'station_id': 401, 'param': 'PM10', 'value': 11.7, 'unit': 'µg/m³', 'timestamp': '2025-05-06 14:00:00', 'fetched_at': '2025-05-08T16:23:52.478654+00:00'}
2025-05-08 18:23:52 | INFO     | Sent to Kafka: {'source': 'GIOS', 'station_id': 401, 'param': 'PM10', 'value': 10.9, 'unit': 'µg/m³', 'timestamp': '2025-05-06 13:00:00', 'fetched_at': '2025-05-08T16:23:52.478657+00:00'}
2025-05-08 18:23:52 | INFO     | Sent to Kafka: {'source': 'GIOS', 'station_id': 401, 'param': 'PM10', 'value': 12.2, 'unit': 'µg/m³', 'timestamp': '2025-05-06 12:00:00', 'fetched_at': '2025-05-08T16:23:52.478660+00:00'}
2025-05-08 18:23:52 | INFO     | Sent to Kafka: {'source': 'GIOS', 'station_id': 401, 'param': 'PM10', 'value': 10.1, 'unit': 'µg/m³', 'timestamp': '2025-05-06 11:00:00', 'fetched_at': '2025-05-08T16:23:52.478684+00:00'}
2025-05-08 18:23:52 | INFO     | Sent to Kafka: {'source': 'GIOS', 'station_id': 401, 'param': 'PM10', 'value': 11.3, 'unit': 'µg/m³', 'timestamp': '2025-05-06 10:00:00', 'fetched_at': '2025-05-08T16:23:52.478689+00:00'}
2025-05-08 18:23:52 | INFO     | Sent to Kafka: {'source': 'GIOS', 'station_id': 401, 'param': 'PM10', 'value': 12.9, 'unit': 'µg/m³', 'timestamp': '2025-05-06 09:00:00', 'fetched_at': '2025-05-08T16:23:52.478691+00:00'}
2025-05-08 18:23:52 | INFO     | Sent to Kafka: {'source': 'GIOS', 'station_id': 401, 'param': 'PM10', 'value': 12.2, 'unit': 'µg/m³', 'timestamp': '2025-05-06 08:00:00', 'fetched_at': '2025-05-08T16:23:52.478694+00:00'}
2025-05-08 18:23:52 | INFO     | Sent to Kafka: {'source': 'GIOS', 'station_id': 401, 'param': 'PM10', 'value': 14.5, 'unit': 'µg/m³', 'timestamp': '2025-05-06 07:00:00', 'fetched_at': '2025-05-08T16:23:52.478697+00:00'}
2025-05-08 18:23:52 | INFO     | Sent to Kafka: {'source': 'GIOS', 'station_id': 401, 'param': 'PM10', 'value': 17.6, 'unit': 'µg/m³', 'timestamp': '2025-05-06 06:00:00', 'fetched_at': '2025-05-08T16:23:52.478700+00:00'}
2025-05-08 18:23:52 | INFO     | Sent to Kafka: {'source': 'GIOS', 'station_id': 401, 'param': 'PM10', 'value': 11.3, 'unit': 'µg/m³', 'timestamp': '2025-05-06 05:00:00', 'fetched_at': '2025-05-08T16:23:52.478703+00:00'}
2025-05-08 18:23:52 | INFO     | Sent to Kafka: {'source': 'GIOS', 'station_id': 401, 'param': 'PM10', 'value': 13.5, 'unit': 'µg/m³', 'timestamp': '2025-05-06 04:00:00', 'fetched_at': '2025-05-08T16:23:52.478705+00:00'}
2025-05-08 18:23:52 | INFO     | Sent to Kafka: {'source': 'GIOS', 'station_id': 401, 'param': 'PM10', 'value': 9.3, 'unit': 'µg/m³', 'timestamp': '2025-05-06 03:00:00', 'fetched_at': '2025-05-08T16:23:52.478708+00:00'}
2025-05-08 18:23:52 | INFO     | Sent to Kafka: {'source': 'GIOS', 'station_id': 401, 'param': 'PM10', 'value': 10.5, 'unit': 'µg/m³', 'timestamp': '2025-05-06 02:00:00', 'fetched_at': '2025-05-08T16:23:52.478711+00:00'}
2025-05-08 18:23:52 | INFO     | Persisted 129 records → data/gios_20250508T162352Z.json
2025-05-08 18:29:44 | INFO     | Fetch loop stopped – goodbye!
